{"/app/api/index.js":{"path":"/app/api/index.js","statementMap":{"0":{"start":{"line":3,"column":29},"end":{"line":3,"column":84}},"1":{"start":{"line":5,"column":0},"end":{"line":7,"column":3}},"2":{"start":{"line":8,"column":0},"end":{"line":8,"column":28}},"3":{"start":{"line":10,"column":15},"end":{"line":10,"column":57}},"4":{"start":{"line":12,"column":18},"end":{"line":12,"column":64}},"5":{"start":{"line":14,"column":21},"end":{"line":14,"column":85}},"6":{"start":{"line":16,"column":19},"end":{"line":16,"column":81}},"7":{"start":{"line":18,"column":18},"end":{"line":18,"column":79}},"8":{"start":{"line":20,"column":10},"end":{"line":20,"column":36}},"9":{"start":{"line":21,"column":0},"end":{"line":21,"column":39}},"10":{"start":{"line":22,"column":0},"end":{"line":24,"column":4}},"11":{"start":{"line":25,"column":11},"end":{"line":25,"column":35}},"12":{"start":{"line":26,"column":0},"end":{"line":26,"column":48}},"13":{"start":{"line":27,"column":0},"end":{"line":27,"column":52}},"14":{"start":{"line":28,"column":0},"end":{"line":28,"column":46}},"15":{"start":{"line":29,"column":0},"end":{"line":33,"column":3}},"16":{"start":{"line":30,"column":2},"end":{"line":32,"column":5}},"17":{"start":{"line":34,"column":0},"end":{"line":36,"column":3}},"18":{"start":{"line":35,"column":2},"end":{"line":35,"column":57}},"19":{"start":{"line":37,"column":15},"end":{"line":37,"column":18}},"20":{"start":{"line":38,"column":0},"end":{"line":38,"column":30}}},"fnMap":{"0":{"name":"(anonymous_0)","decl":{"start":{"line":29,"column":13},"end":{"line":29,"column":14}},"loc":{"start":{"line":29,"column":33},"end":{"line":33,"column":1}},"line":29},"1":{"name":"(anonymous_1)","decl":{"start":{"line":34,"column":17},"end":{"line":34,"column":18}},"loc":{"start":{"line":34,"column":29},"end":{"line":36,"column":1}},"line":34}},"branchMap":{"0":{"loc":{"start":{"line":25,"column":11},"end":{"line":25,"column":35}},"type":"binary-expr","locations":[{"start":{"line":25,"column":11},"end":{"line":25,"column":27}},{"start":{"line":25,"column":31},"end":{"line":25,"column":35}}],"line":25}},"s":{"0":1,"1":1,"2":1,"3":1,"4":1,"5":1,"6":1,"7":1,"8":1,"9":1,"10":1,"11":1,"12":1,"13":1,"14":1,"15":1,"16":0,"17":1,"18":1,"19":1,"20":1},"f":{"0":0,"1":1},"b":{"0":[1,1]},"inputSourceMap":{"version":3,"sources":["index.js"],"names":["app","use","bodyParser","json","urlencoded","extended","port","process","env","PORT","orderRoutes","productRoutes","itemRoutes","get","req","res","status","send","message","listen","console","log"],"mappings":";;;;;;;;;AAAA;;AACA;;AACA;;AACA;;AACA;;AAEA,IAAMA,GAAG,GAAG,0BAAZ;AACAA,GAAG,CAACC,GAAJ,CAAQC,uBAAWC,IAAX,EAAR;AACAH,GAAG,CAACC,GAAJ,CAAQC,uBAAWE,UAAX,CAAsB;AAAEC,EAAAA,QAAQ,EAAE;AAAZ,CAAtB,CAAR;AAEA,IAAMC,IAAI,GAAGC,OAAO,CAACC,GAAR,CAAYC,IAAZ,IAAoB,IAAjC;AAEAT,GAAG,CAACC,GAAJ,CAAQ,aAAR,EAAuBS,uBAAvB;AACAV,GAAG,CAACC,GAAJ,CAAQ,eAAR,EAAyBU,yBAAzB;AACAX,GAAG,CAACC,GAAJ,CAAQ,YAAR,EAAsBW,sBAAtB;AAGAZ,GAAG,CAACa,GAAJ,CAAQ,GAAR,EAAa,UAACC,GAAD,EAAMC,GAAN;AAAA,SAAcA,GAAG,CAACC,MAAJ,CAAW,GAAX,EAAgBC,IAAhB,CAAqB;AAC7CC,IAAAA,OAAO,EAAE;AADoC,GAArB,CAAd;AAAA,CAAb;AAIAlB,GAAG,CAACmB,MAAJ,CAAWb,IAAX,EAAiB,YAAM;AACpBc,EAAAA,OAAO,CAACC,GAAR,qCAAyCf,IAAzC;AACF,CAFD;eAIeN,G","sourceRoot":"/app/api","sourcesContent":["import express from 'express'\nimport bodyParser from 'body-parser'\nimport productRoutes from './server/routes/ProductRoutes'\nimport orderRoutes from './server/routes/OrderRoutes'\nimport itemRoutes from './server/routes/ItemRoutes'\n\nconst app = express()\napp.use(bodyParser.json())\napp.use(bodyParser.urlencoded({ extended: false }))\n\nconst port = process.env.PORT || 3000\n\napp.use('/api/orders', orderRoutes)\napp.use('/api/products', productRoutes)\napp.use('/api/items', itemRoutes)\n\n\napp.get('*', (req, res) => res.status(200).send({\n   message: 'Esta é a API.'\n}))\n\napp.listen(port, () => {\n   console.log(`Server is running on PORT ${port}`)\n})\n\nexport default app"]},"_coverageSchema":"1a1c01bbd47fc00a2c39e90264f33305004495a9","hash":"92908b474ac84add37a978ab96d50748a1ffb059","contentHash":"9c11960a07c108ffb50f6dcd23f716922f2ff27580bd383e7312955006458653"},"/app/api/server/routes/ProductRoutes.js":{"path":"/app/api/server/routes/ProductRoutes.js","statementMap":{"0":{"start":{"line":3,"column":29},"end":{"line":3,"column":84}},"1":{"start":{"line":5,"column":0},"end":{"line":7,"column":3}},"2":{"start":{"line":8,"column":0},"end":{"line":8,"column":28}},"3":{"start":{"line":10,"column":15},"end":{"line":10,"column":33}},"4":{"start":{"line":12,"column":25},"end":{"line":12,"column":92}},"5":{"start":{"line":14,"column":13},"end":{"line":14,"column":35}},"6":{"start":{"line":15,"column":0},"end":{"line":15,"column":62}},"7":{"start":{"line":16,"column":0},"end":{"line":16,"column":59}},"8":{"start":{"line":17,"column":0},"end":{"line":17,"column":61}},"9":{"start":{"line":18,"column":0},"end":{"line":18,"column":65}},"10":{"start":{"line":19,"column":0},"end":{"line":19,"column":70}},"11":{"start":{"line":20,"column":15},"end":{"line":20,"column":21}},"12":{"start":{"line":21,"column":0},"end":{"line":21,"column":30}}},"fnMap":{},"branchMap":{},"s":{"0":1,"1":1,"2":1,"3":1,"4":1,"5":1,"6":1,"7":1,"8":1,"9":1,"10":1,"11":1,"12":1},"f":{},"b":{},"inputSourceMap":{"version":3,"sources":["ProductRoutes.js"],"names":["router","get","ProductController","getAllProducts","post","addProduct","getProduct","put","updatedProduct","deleteProduct"],"mappings":";;;;;;;;;AAAA;;AACA;;AAEA,IAAMA,MAAM,GAAG,sBAAf;AACAA,MAAM,CAACC,GAAP,CAAW,GAAX,EAAgBC,8BAAkBC,cAAlC;AACAH,MAAM,CAACI,IAAP,CAAY,GAAZ,EAAiBF,8BAAkBG,UAAnC;AACAL,MAAM,CAACC,GAAP,CAAW,MAAX,EAAmBC,8BAAkBI,UAArC;AACAN,MAAM,CAACO,GAAP,CAAW,MAAX,EAAmBL,8BAAkBM,cAArC;AACAR,MAAM,UAAN,CAAc,MAAd,EAAsBE,8BAAkBO,aAAxC;eACeT,M","sourceRoot":"/app/api/server/routes","sourcesContent":["import { Router } from 'express'\nimport ProductController from '../controllers/ProductController'\n\nconst router = Router()\nrouter.get('/', ProductController.getAllProducts)\nrouter.post('/', ProductController.addProduct)\nrouter.get('/:id', ProductController.getProduct)\nrouter.put('/:id', ProductController.updatedProduct)\nrouter.delete('/:id', ProductController.deleteProduct)\nexport default router\n"]},"_coverageSchema":"1a1c01bbd47fc00a2c39e90264f33305004495a9","hash":"0917ae33b278b9dc5d19fee4d86169d7de85f135","contentHash":"ef63e4016a5d837ad38142640f77cfac41df57c12d0f35148f077654ee1e7cbe"},"/app/api/server/controllers/ProductController.js":{"path":"/app/api/server/controllers/ProductController.js","statementMap":{"0":{"start":{"line":3,"column":29},"end":{"line":3,"column":84}},"1":{"start":{"line":5,"column":0},"end":{"line":7,"column":3}},"2":{"start":{"line":8,"column":0},"end":{"line":8,"column":28}},"3":{"start":{"line":10,"column":15},"end":{"line":10,"column":79}},"4":{"start":{"line":12,"column":19},"end":{"line":12,"column":80}},"5":{"start":{"line":14,"column":25},"end":{"line":14,"column":99}},"6":{"start":{"line":16,"column":22},"end":{"line":16,"column":83}},"7":{"start":{"line":18,"column":13},"end":{"line":18,"column":62}},"8":{"start":{"line":20,"column":11},"end":{"line":20,"column":34}},"9":{"start":{"line":24,"column":0},"end":{"line":65,"column":3}},"10":{"start":{"line":25,"column":13},"end":{"line":60,"column":5}},"11":{"start":{"line":29,"column":4},"end":{"line":59,"column":32}},"12":{"start":{"line":30,"column":6},"end":{"line":58,"column":7}},"13":{"start":{"line":31,"column":8},"end":{"line":57,"column":9}},"14":{"start":{"line":33,"column":12},"end":{"line":33,"column":30}},"15":{"start":{"line":34,"column":12},"end":{"line":34,"column":30}},"16":{"start":{"line":35,"column":12},"end":{"line":35,"column":63}},"17":{"start":{"line":38,"column":12},"end":{"line":38,"column":40}},"18":{"start":{"line":40,"column":12},"end":{"line":44,"column":13}},"19":{"start":{"line":41,"column":14},"end":{"line":41,"column":70}},"20":{"start":{"line":43,"column":14},"end":{"line":43,"column":55}},"21":{"start":{"line":46,"column":12},"end":{"line":46,"column":61}},"22":{"start":{"line":49,"column":12},"end":{"line":49,"column":30}},"23":{"start":{"line":50,"column":12},"end":{"line":50,"column":47}},"24":{"start":{"line":51,"column":12},"end":{"line":51,"column":44}},"25":{"start":{"line":52,"column":12},"end":{"line":52,"column":61}},"26":{"start":{"line":56,"column":12},"end":{"line":56,"column":35}},"27":{"start":{"line":62,"column":2},"end":{"line":64,"column":4}},"28":{"start":{"line":63,"column":4},"end":{"line":63,"column":39}},"29":{"start":{"line":69,"column":0},"end":{"line":114,"column":3}},"30":{"start":{"line":70,"column":14},"end":{"line":109,"column":5}},"31":{"start":{"line":74,"column":4},"end":{"line":108,"column":34}},"32":{"start":{"line":75,"column":6},"end":{"line":107,"column":7}},"33":{"start":{"line":76,"column":8},"end":{"line":106,"column":9}},"34":{"start":{"line":78,"column":12},"end":{"line":81,"column":13}},"35":{"start":{"line":79,"column":14},"end":{"line":79,"column":33}},"36":{"start":{"line":80,"column":14},"end":{"line":80,"column":20}},"37":{"start":{"line":83,"column":12},"end":{"line":83,"column":66}},"38":{"start":{"line":84,"column":12},"end":{"line":84,"column":62}},"39":{"start":{"line":87,"column":12},"end":{"line":87,"column":34}},"40":{"start":{"line":88,"column":12},"end":{"line":88,"column":31}},"41":{"start":{"line":89,"column":12},"end":{"line":89,"column":31}},"42":{"start":{"line":90,"column":12},"end":{"line":90,"column":69}},"43":{"start":{"line":93,"column":12},"end":{"line":93,"column":44}},"44":{"start":{"line":94,"column":12},"end":{"line":94,"column":67}},"45":{"start":{"line":95,"column":12},"end":{"line":95,"column":62}},"46":{"start":{"line":98,"column":12},"end":{"line":98,"column":32}},"47":{"start":{"line":99,"column":12},"end":{"line":99,"column":49}},"48":{"start":{"line":100,"column":12},"end":{"line":100,"column":53}},"49":{"start":{"line":101,"column":12},"end":{"line":101,"column":62}},"50":{"start":{"line":105,"column":12},"end":{"line":105,"column":36}},"51":{"start":{"line":111,"column":2},"end":{"line":113,"column":4}},"52":{"start":{"line":112,"column":4},"end":{"line":112,"column":40}},"53":{"start":{"line":118,"column":0},"end":{"line":171,"column":3}},"54":{"start":{"line":119,"column":14},"end":{"line":166,"column":5}},"55":{"start":{"line":123,"column":4},"end":{"line":165,"column":34}},"56":{"start":{"line":124,"column":6},"end":{"line":164,"column":7}},"57":{"start":{"line":125,"column":8},"end":{"line":163,"column":9}},"58":{"start":{"line":127,"column":12},"end":{"line":127,"column":38}},"59":{"start":{"line":128,"column":12},"end":{"line":128,"column":31}},"60":{"start":{"line":130,"column":12},"end":{"line":133,"column":13}},"61":{"start":{"line":131,"column":14},"end":{"line":131,"column":33}},"62":{"start":{"line":132,"column":14},"end":{"line":132,"column":20}},"63":{"start":{"line":135,"column":12},"end":{"line":135,"column":69}},"64":{"start":{"line":136,"column":12},"end":{"line":136,"column":62}},"65":{"start":{"line":139,"column":12},"end":{"line":139,"column":31}},"66":{"start":{"line":140,"column":12},"end":{"line":140,"column":31}},"67":{"start":{"line":141,"column":12},"end":{"line":141,"column":80}},"68":{"start":{"line":144,"column":12},"end":{"line":144,"column":43}},"69":{"start":{"line":146,"column":12},"end":{"line":150,"column":13}},"70":{"start":{"line":147,"column":14},"end":{"line":147,"column":81}},"71":{"start":{"line":149,"column":14},"end":{"line":149,"column":69}},"72":{"start":{"line":152,"column":12},"end":{"line":152,"column":62}},"73":{"start":{"line":155,"column":12},"end":{"line":155,"column":32}},"74":{"start":{"line":156,"column":12},"end":{"line":156,"column":49}},"75":{"start":{"line":157,"column":12},"end":{"line":157,"column":45}},"76":{"start":{"line":158,"column":12},"end":{"line":158,"column":62}},"77":{"start":{"line":162,"column":12},"end":{"line":162,"column":36}},"78":{"start":{"line":168,"column":2},"end":{"line":170,"column":4}},"79":{"start":{"line":169,"column":4},"end":{"line":169,"column":40}},"80":{"start":{"line":175,"column":0},"end":{"line":227,"column":3}},"81":{"start":{"line":176,"column":14},"end":{"line":222,"column":5}},"82":{"start":{"line":180,"column":4},"end":{"line":221,"column":34}},"83":{"start":{"line":181,"column":6},"end":{"line":220,"column":7}},"84":{"start":{"line":182,"column":8},"end":{"line":219,"column":9}},"85":{"start":{"line":184,"column":12},"end":{"line":184,"column":31}},"86":{"start":{"line":186,"column":12},"end":{"line":189,"column":13}},"87":{"start":{"line":187,"column":14},"end":{"line":187,"column":33}},"88":{"start":{"line":188,"column":14},"end":{"line":188,"column":20}},"89":{"start":{"line":191,"column":12},"end":{"line":191,"column":69}},"90":{"start":{"line":192,"column":12},"end":{"line":192,"column":62}},"91":{"start":{"line":195,"column":12},"end":{"line":195,"column":31}},"92":{"start":{"line":196,"column":12},"end":{"line":196,"column":31}},"93":{"start":{"line":197,"column":12},"end":{"line":197,"column":61}},"94":{"start":{"line":200,"column":12},"end":{"line":200,"column":40}},"95":{"start":{"line":202,"column":12},"end":{"line":206,"column":13}},"96":{"start":{"line":203,"column":14},"end":{"line":203,"column":80}},"97":{"start":{"line":205,"column":14},"end":{"line":205,"column":64}},"98":{"start":{"line":208,"column":12},"end":{"line":208,"column":62}},"99":{"start":{"line":211,"column":12},"end":{"line":211,"column":32}},"100":{"start":{"line":212,"column":12},"end":{"line":212,"column":49}},"101":{"start":{"line":213,"column":12},"end":{"line":213,"column":45}},"102":{"start":{"line":214,"column":12},"end":{"line":214,"column":62}},"103":{"start":{"line":218,"column":12},"end":{"line":218,"column":36}},"104":{"start":{"line":224,"column":2},"end":{"line":226,"column":4}},"105":{"start":{"line":225,"column":4},"end":{"line":225,"column":40}},"106":{"start":{"line":231,"column":0},"end":{"line":284,"column":3}},"107":{"start":{"line":232,"column":14},"end":{"line":279,"column":5}},"108":{"start":{"line":236,"column":4},"end":{"line":278,"column":34}},"109":{"start":{"line":237,"column":6},"end":{"line":277,"column":7}},"110":{"start":{"line":238,"column":8},"end":{"line":276,"column":9}},"111":{"start":{"line":240,"column":12},"end":{"line":240,"column":30}},"112":{"start":{"line":241,"column":12},"end":{"line":241,"column":31}},"113":{"start":{"line":243,"column":12},"end":{"line":246,"column":13}},"114":{"start":{"line":244,"column":14},"end":{"line":244,"column":33}},"115":{"start":{"line":245,"column":14},"end":{"line":245,"column":20}},"116":{"start":{"line":248,"column":12},"end":{"line":248,"column":65}},"117":{"start":{"line":249,"column":12},"end":{"line":249,"column":62}},"118":{"start":{"line":252,"column":12},"end":{"line":252,"column":31}},"119":{"start":{"line":253,"column":12},"end":{"line":253,"column":31}},"120":{"start":{"line":254,"column":12},"end":{"line":254,"column":64}},"121":{"start":{"line":257,"column":12},"end":{"line":257,"column":45}},"122":{"start":{"line":259,"column":12},"end":{"line":263,"column":13}},"123":{"start":{"line":260,"column":14},"end":{"line":260,"column":54}},"124":{"start":{"line":262,"column":14},"end":{"line":262,"column":88}},"125":{"start":{"line":265,"column":12},"end":{"line":265,"column":62}},"126":{"start":{"line":268,"column":12},"end":{"line":268,"column":32}},"127":{"start":{"line":269,"column":12},"end":{"line":269,"column":49}},"128":{"start":{"line":270,"column":12},"end":{"line":270,"column":45}},"129":{"start":{"line":271,"column":12},"end":{"line":271,"column":62}},"130":{"start":{"line":275,"column":12},"end":{"line":275,"column":36}},"131":{"start":{"line":281,"column":2},"end":{"line":283,"column":4}},"132":{"start":{"line":282,"column":4},"end":{"line":282,"column":40}},"133":{"start":{"line":286,"column":15},"end":{"line":292,"column":1}},"134":{"start":{"line":293,"column":0},"end":{"line":293,"column":30}}},"fnMap":{"0":{"name":"(anonymous_0)","decl":{"start":{"line":24,"column":0},"end":{"line":24,"column":1}},"loc":{"start":{"line":24,"column":12},"end":{"line":65,"column":1}},"line":24},"1":{"name":"_callee","decl":{"start":{"line":27,"column":40},"end":{"line":27,"column":47}},"loc":{"start":{"line":27,"column":58},"end":{"line":60,"column":3}},"line":27},"2":{"name":"_callee$","decl":{"start":{"line":29,"column":49},"end":{"line":29,"column":57}},"loc":{"start":{"line":29,"column":68},"end":{"line":59,"column":5}},"line":29},"3":{"name":"getAllProducts","decl":{"start":{"line":62,"column":18},"end":{"line":62,"column":32}},"loc":{"start":{"line":62,"column":42},"end":{"line":64,"column":3}},"line":62},"4":{"name":"(anonymous_4)","decl":{"start":{"line":69,"column":0},"end":{"line":69,"column":1}},"loc":{"start":{"line":69,"column":12},"end":{"line":114,"column":1}},"line":69},"5":{"name":"_callee2","decl":{"start":{"line":72,"column":40},"end":{"line":72,"column":48}},"loc":{"start":{"line":72,"column":59},"end":{"line":109,"column":3}},"line":72},"6":{"name":"_callee2$","decl":{"start":{"line":74,"column":49},"end":{"line":74,"column":58}},"loc":{"start":{"line":74,"column":70},"end":{"line":108,"column":5}},"line":74},"7":{"name":"addProduct","decl":{"start":{"line":111,"column":18},"end":{"line":111,"column":28}},"loc":{"start":{"line":111,"column":39},"end":{"line":113,"column":3}},"line":111},"8":{"name":"(anonymous_8)","decl":{"start":{"line":118,"column":0},"end":{"line":118,"column":1}},"loc":{"start":{"line":118,"column":12},"end":{"line":171,"column":1}},"line":118},"9":{"name":"_callee3","decl":{"start":{"line":121,"column":40},"end":{"line":121,"column":48}},"loc":{"start":{"line":121,"column":59},"end":{"line":166,"column":3}},"line":121},"10":{"name":"_callee3$","decl":{"start":{"line":123,"column":49},"end":{"line":123,"column":58}},"loc":{"start":{"line":123,"column":70},"end":{"line":165,"column":5}},"line":123},"11":{"name":"updatedProduct","decl":{"start":{"line":168,"column":18},"end":{"line":168,"column":32}},"loc":{"start":{"line":168,"column":43},"end":{"line":170,"column":3}},"line":168},"12":{"name":"(anonymous_12)","decl":{"start":{"line":175,"column":0},"end":{"line":175,"column":1}},"loc":{"start":{"line":175,"column":12},"end":{"line":227,"column":1}},"line":175},"13":{"name":"_callee4","decl":{"start":{"line":178,"column":40},"end":{"line":178,"column":48}},"loc":{"start":{"line":178,"column":59},"end":{"line":222,"column":3}},"line":178},"14":{"name":"_callee4$","decl":{"start":{"line":180,"column":49},"end":{"line":180,"column":58}},"loc":{"start":{"line":180,"column":70},"end":{"line":221,"column":5}},"line":180},"15":{"name":"getProduct","decl":{"start":{"line":224,"column":18},"end":{"line":224,"column":28}},"loc":{"start":{"line":224,"column":39},"end":{"line":226,"column":3}},"line":224},"16":{"name":"(anonymous_16)","decl":{"start":{"line":231,"column":0},"end":{"line":231,"column":1}},"loc":{"start":{"line":231,"column":12},"end":{"line":284,"column":1}},"line":231},"17":{"name":"_callee5","decl":{"start":{"line":234,"column":40},"end":{"line":234,"column":48}},"loc":{"start":{"line":234,"column":59},"end":{"line":279,"column":3}},"line":234},"18":{"name":"_callee5$","decl":{"start":{"line":236,"column":49},"end":{"line":236,"column":58}},"loc":{"start":{"line":236,"column":70},"end":{"line":278,"column":5}},"line":236},"19":{"name":"deleteProduct","decl":{"start":{"line":281,"column":18},"end":{"line":281,"column":31}},"loc":{"start":{"line":281,"column":43},"end":{"line":283,"column":3}},"line":281}},"branchMap":{"0":{"loc":{"start":{"line":31,"column":8},"end":{"line":57,"column":9}},"type":"switch","locations":[{"start":{"line":32,"column":10},"end":{"line":35,"column":63}},{"start":{"line":37,"column":10},"end":{"line":46,"column":61}},{"start":{"line":48,"column":10},"end":{"line":52,"column":61}},{"start":{"line":54,"column":10},"end":{"line":54,"column":18}},{"start":{"line":55,"column":10},"end":{"line":56,"column":35}}],"line":31},"1":{"loc":{"start":{"line":40,"column":12},"end":{"line":44,"column":13}},"type":"if","locations":[{"start":{"line":40,"column":12},"end":{"line":44,"column":13}},{"start":{"line":40,"column":12},"end":{"line":44,"column":13}}],"line":40},"2":{"loc":{"start":{"line":76,"column":8},"end":{"line":106,"column":9}},"type":"switch","locations":[{"start":{"line":77,"column":10},"end":{"line":84,"column":62}},{"start":{"line":86,"column":10},"end":{"line":90,"column":69}},{"start":{"line":92,"column":10},"end":{"line":95,"column":62}},{"start":{"line":97,"column":10},"end":{"line":101,"column":62}},{"start":{"line":103,"column":10},"end":{"line":103,"column":18}},{"start":{"line":104,"column":10},"end":{"line":105,"column":36}}],"line":76},"3":{"loc":{"start":{"line":78,"column":12},"end":{"line":81,"column":13}},"type":"if","locations":[{"start":{"line":78,"column":12},"end":{"line":81,"column":13}},{"start":{"line":78,"column":12},"end":{"line":81,"column":13}}],"line":78},"4":{"loc":{"start":{"line":78,"column":18},"end":{"line":78,"column":130}},"type":"binary-expr","locations":[{"start":{"line":78,"column":18},"end":{"line":78,"column":32}},{"start":{"line":78,"column":36},"end":{"line":78,"column":51}},{"start":{"line":78,"column":55},"end":{"line":78,"column":69}},{"start":{"line":78,"column":73},"end":{"line":78,"column":130}}],"line":78},"5":{"loc":{"start":{"line":125,"column":8},"end":{"line":163,"column":9}},"type":"switch","locations":[{"start":{"line":126,"column":10},"end":{"line":136,"column":62}},{"start":{"line":138,"column":10},"end":{"line":141,"column":80}},{"start":{"line":143,"column":10},"end":{"line":152,"column":62}},{"start":{"line":154,"column":10},"end":{"line":158,"column":62}},{"start":{"line":160,"column":10},"end":{"line":160,"column":18}},{"start":{"line":161,"column":10},"end":{"line":162,"column":36}}],"line":125},"6":{"loc":{"start":{"line":130,"column":12},"end":{"line":133,"column":13}},"type":"if","locations":[{"start":{"line":130,"column":12},"end":{"line":133,"column":13}},{"start":{"line":130,"column":12},"end":{"line":133,"column":13}}],"line":130},"7":{"loc":{"start":{"line":146,"column":12},"end":{"line":150,"column":13}},"type":"if","locations":[{"start":{"line":146,"column":12},"end":{"line":150,"column":13}},{"start":{"line":146,"column":12},"end":{"line":150,"column":13}}],"line":146},"8":{"loc":{"start":{"line":182,"column":8},"end":{"line":219,"column":9}},"type":"switch","locations":[{"start":{"line":183,"column":10},"end":{"line":192,"column":62}},{"start":{"line":194,"column":10},"end":{"line":197,"column":61}},{"start":{"line":199,"column":10},"end":{"line":208,"column":62}},{"start":{"line":210,"column":10},"end":{"line":214,"column":62}},{"start":{"line":216,"column":10},"end":{"line":216,"column":18}},{"start":{"line":217,"column":10},"end":{"line":218,"column":36}}],"line":182},"9":{"loc":{"start":{"line":186,"column":12},"end":{"line":189,"column":13}},"type":"if","locations":[{"start":{"line":186,"column":12},"end":{"line":189,"column":13}},{"start":{"line":186,"column":12},"end":{"line":189,"column":13}}],"line":186},"10":{"loc":{"start":{"line":202,"column":12},"end":{"line":206,"column":13}},"type":"if","locations":[{"start":{"line":202,"column":12},"end":{"line":206,"column":13}},{"start":{"line":202,"column":12},"end":{"line":206,"column":13}}],"line":202},"11":{"loc":{"start":{"line":238,"column":8},"end":{"line":276,"column":9}},"type":"switch","locations":[{"start":{"line":239,"column":10},"end":{"line":249,"column":62}},{"start":{"line":251,"column":10},"end":{"line":254,"column":64}},{"start":{"line":256,"column":10},"end":{"line":265,"column":62}},{"start":{"line":267,"column":10},"end":{"line":271,"column":62}},{"start":{"line":273,"column":10},"end":{"line":273,"column":18}},{"start":{"line":274,"column":10},"end":{"line":275,"column":36}}],"line":238},"12":{"loc":{"start":{"line":243,"column":12},"end":{"line":246,"column":13}},"type":"if","locations":[{"start":{"line":243,"column":12},"end":{"line":246,"column":13}},{"start":{"line":243,"column":12},"end":{"line":246,"column":13}}],"line":243},"13":{"loc":{"start":{"line":259,"column":12},"end":{"line":263,"column":13}},"type":"if","locations":[{"start":{"line":259,"column":12},"end":{"line":263,"column":13}},{"start":{"line":259,"column":12},"end":{"line":263,"column":13}}],"line":259}},"s":{"0":1,"1":1,"2":1,"3":1,"4":1,"5":1,"6":1,"7":1,"8":1,"9":1,"10":1,"11":1,"12":3,"13":3,"14":1,"15":1,"16":1,"17":1,"18":1,"19":1,"20":0,"21":1,"22":0,"23":0,"24":0,"25":0,"26":1,"27":1,"28":1,"29":1,"30":1,"31":2,"32":5,"33":6,"34":2,"35":1,"36":1,"37":1,"38":1,"39":1,"40":1,"41":1,"42":1,"43":1,"44":1,"45":1,"46":0,"47":0,"48":0,"49":0,"50":2,"51":1,"52":2,"53":1,"54":1,"55":0,"56":0,"57":0,"58":0,"59":0,"60":0,"61":0,"62":0,"63":0,"64":0,"65":0,"66":0,"67":0,"68":0,"69":0,"70":0,"71":0,"72":0,"73":0,"74":0,"75":0,"76":0,"77":0,"78":1,"79":0,"80":1,"81":1,"82":2,"83":6,"84":8,"85":2,"86":2,"87":2,"88":2,"89":0,"90":0,"91":2,"92":2,"93":2,"94":2,"95":2,"96":1,"97":1,"98":2,"99":0,"100":0,"101":0,"102":0,"103":2,"104":1,"105":2,"106":1,"107":1,"108":0,"109":0,"110":0,"111":0,"112":0,"113":0,"114":0,"115":0,"116":0,"117":0,"118":0,"119":0,"120":0,"121":0,"122":0,"123":0,"124":0,"125":0,"126":0,"127":0,"128":0,"129":0,"130":0,"131":1,"132":0,"133":1,"134":1},"f":{"0":1,"1":1,"2":3,"3":1,"4":1,"5":2,"6":5,"7":2,"8":1,"9":0,"10":0,"11":0,"12":1,"13":2,"14":6,"15":2,"16":1,"17":0,"18":0,"19":0},"b":{"0":[1,1,0,0,1],"1":[1,0],"2":[2,1,1,0,0,2],"3":[1,1],"4":[2,2,1,1],"5":[0,0,0,0,0,0],"6":[0,0],"7":[0,0],"8":[2,2,2,0,0,2],"9":[2,0],"10":[1,1],"11":[0,0,0,0,0,0],"12":[0,0],"13":[0,0]},"inputSourceMap":{"version":3,"sources":["ProductController.js"],"names":["util","Util","getAllProducts","req","res","ProductService","allProducts","length","setSuccess","send","setError","addProduct","body","name","price","type","breakfast","Boolean","newProduct","createdProduct","message","updatedProduct","alteredProduct","id","params","Number","updateProduct","getProduct","theProduct","deleteProduct","console","log","productToDelete"],"mappings":";;;;;;;;;;;;;;;AAAA;;AACA;;AAEA,IAAMA,IAAI,GAAG,IAAIC,iBAAJ,EAAb;;AAGA,IAAMC,cAAc;AAAA;AAAA;AAAA;AAAA;AAAA,+BAAG,iBAAOC,GAAP,EAAYC,GAAZ;AAAA;AAAA;AAAA;AAAA;AAAA;AAAA;AAAA;AAAA,mBAEOC,2BAAeH,cAAf,EAFP;;AAAA;AAEbI,YAAAA,WAFa;;AAGnB,gBAAIA,WAAW,CAACC,MAAZ,GAAqB,CAAzB,EAA4B;AAC1BP,cAAAA,IAAI,CAACQ,UAAL,CAAgB,GAAhB,EAAqB,oBAArB,EAA2CF,WAA3C;AACD,aAFD,MAEO;AACLN,cAAAA,IAAI,CAACQ,UAAL,CAAgB,GAAhB,EAAqB,kBAArB;AACD;;AAPkB,6CAQZR,IAAI,CAACS,IAAL,CAAUL,GAAV,CARY;;AAAA;AAAA;AAAA;AAUnBJ,YAAAA,IAAI,CAACU,QAAL,CAAc,GAAd;AAVmB,6CAWZV,IAAI,CAACS,IAAL,CAAUL,GAAV,CAXY;;AAAA;AAAA;AAAA;AAAA;AAAA;AAAA;AAAA,GAAH;;AAAA,kBAAdF,cAAc;AAAA;AAAA;AAAA,GAApB;;AAcA,IAAMS,UAAU;AAAA;AAAA;AAAA;AAAA;AAAA,+BAAG,kBAAOR,GAAP,EAAYC,GAAZ;AAAA;AAAA;AAAA;AAAA;AAAA;AAAA,kBACb,CAACD,GAAG,CAACS,IAAJ,CAASC,IAAV,IAAkB,CAACV,GAAG,CAACS,IAAJ,CAASE,KAA5B,IAAqC,CAACX,GAAG,CAACS,IAAJ,CAASG,IAA/C,IAAuD,0BAAQZ,GAAG,CAACS,IAAJ,CAASI,SAAjB,MAA8BC,OADxE;AAAA;AAAA;AAAA;;AAEfjB,YAAAA,IAAI,CAACU,QAAL,CAAc,GAAd,EAAmB,iCAAnB;AAFe,8CAGRV,IAAI,CAACS,IAAL,CAAUL,GAAV,CAHQ;;AAAA;AAKXc,YAAAA,UALW,GAKEf,GAAG,CAACS,IALN;AAAA;AAAA;AAAA,mBAOcP,2BAAeM,UAAf,CAA0BO,UAA1B,CAPd;;AAAA;AAOTC,YAAAA,cAPS;AAQfnB,YAAAA,IAAI,CAACQ,UAAL,CAAgB,GAAhB,EAAqB,gBAArB,EAAuCW,cAAvC;AARe,8CASRnB,IAAI,CAACS,IAAL,CAAUL,GAAV,CATQ;;AAAA;AAAA;AAAA;AAWfJ,YAAAA,IAAI,CAACU,QAAL,CAAc,GAAd,EAAmB,aAAMU,OAAzB;AAXe,8CAYRpB,IAAI,CAACS,IAAL,CAAUL,GAAV,CAZQ;;AAAA;AAAA;AAAA;AAAA;AAAA;AAAA;AAAA,GAAH;;AAAA,kBAAVO,UAAU;AAAA;AAAA;AAAA,GAAhB;;AAgBA,IAAMU,cAAc;AAAA;AAAA;AAAA;AAAA;AAAA,+BAAG,kBAAOlB,GAAP,EAAYC,GAAZ;AAAA;AAAA;AAAA;AAAA;AAAA;AACfkB,YAAAA,cADe,GACEnB,GAAG,CAACS,IADN;AAEbW,YAAAA,EAFa,GAENpB,GAAG,CAACqB,MAFE,CAEbD,EAFa;;AAAA,gBAGhBE,MAAM,CAACF,EAAD,CAHU;AAAA;AAAA;AAAA;;AAInBvB,YAAAA,IAAI,CAACU,QAAL,CAAc,GAAd,EAAmB,oCAAnB;AAJmB,8CAKZV,IAAI,CAACS,IAAL,CAAUL,GAAV,CALY;;AAAA;AAAA;AAAA;AAAA,mBAQSC,2BAAeqB,aAAf,CAA6BH,EAA7B,EAAiCD,cAAjC,CART;;AAAA;AAQbI,YAAAA,aARa;;AASnB,gBAAI,CAACA,aAAL,EAAoB;AAClB1B,cAAAA,IAAI,CAACU,QAAL,CAAc,GAAd,6CAAuDa,EAAvD;AACD,aAFD,MAEO;AACLvB,cAAAA,IAAI,CAACQ,UAAL,CAAgB,GAAhB,EAAqB,iBAArB,EAAwCkB,aAAxC;AACD;;AAbkB,8CAcZ1B,IAAI,CAACS,IAAL,CAAUL,GAAV,CAdY;;AAAA;AAAA;AAAA;AAgBnBJ,YAAAA,IAAI,CAACU,QAAL,CAAc,GAAd;AAhBmB,8CAiBZV,IAAI,CAACS,IAAL,CAAUL,GAAV,CAjBY;;AAAA;AAAA;AAAA;AAAA;AAAA;AAAA;AAAA,GAAH;;AAAA,kBAAdiB,cAAc;AAAA;AAAA;AAAA,GAApB;;AAqBA,IAAMM,UAAU;AAAA;AAAA;AAAA;AAAA;AAAA,+BAAG,kBAAOxB,GAAP,EAAYC,GAAZ;AAAA;AAAA;AAAA;AAAA;AAAA;AACTmB,YAAAA,EADS,GACFpB,GAAG,CAACqB,MADF,CACTD,EADS;;AAAA,gBAGZE,MAAM,CAACF,EAAD,CAHM;AAAA;AAAA;AAAA;;AAIfvB,YAAAA,IAAI,CAACU,QAAL,CAAc,GAAd,EAAmB,oCAAnB;AAJe,8CAKRV,IAAI,CAACS,IAAL,CAAUL,GAAV,CALQ;;AAAA;AAAA;AAAA;AAAA,mBASUC,2BAAesB,UAAf,CAA0BJ,EAA1B,CATV;;AAAA;AASTK,YAAAA,UATS;;AAWf,gBAAI,CAACA,UAAL,EAAiB;AACf5B,cAAAA,IAAI,CAACU,QAAL,CAAc,GAAd,4CAAsDa,EAAtD;AACD,aAFD,MAEO;AACLvB,cAAAA,IAAI,CAACQ,UAAL,CAAgB,GAAhB,EAAqB,eAArB,EAAsCoB,UAAtC;AACD;;AAfc,8CAgBR5B,IAAI,CAACS,IAAL,CAAUL,GAAV,CAhBQ;;AAAA;AAAA;AAAA;AAkBfJ,YAAAA,IAAI,CAACU,QAAL,CAAc,GAAd;AAlBe,8CAmBRV,IAAI,CAACS,IAAL,CAAUL,GAAV,CAnBQ;;AAAA;AAAA;AAAA;AAAA;AAAA;AAAA;AAAA,GAAH;;AAAA,kBAAVuB,UAAU;AAAA;AAAA;AAAA,GAAhB;;AAuBA,IAAME,aAAa;AAAA;AAAA;AAAA;AAAA;AAAA,+BAAG,kBAAM1B,GAAN,EAAWC,GAAX;AAAA;AAAA;AAAA;AAAA;AAAA;AACpB0B,YAAAA,OAAO,CAACC,GAAR,CAAY,IAAZ;AAEQR,YAAAA,EAHY,GAGLpB,GAAG,CAACqB,MAHC,CAGZD,EAHY;;AAAA,gBAKfE,MAAM,CAACF,EAAD,CALS;AAAA;AAAA;AAAA;;AAMlBvB,YAAAA,IAAI,CAACU,QAAL,CAAc,GAAd,EAAmB,gCAAnB;AANkB,8CAOXV,IAAI,CAACS,IAAL,CAAUL,GAAV,CAPW;;AAAA;AAAA;AAAA;AAAA,mBAWYC,2BAAewB,aAAf,CAA6BN,EAA7B,CAXZ;;AAAA;AAWZS,YAAAA,eAXY;;AAalB,gBAAIA,eAAJ,EAAqB;AACnBhC,cAAAA,IAAI,CAACQ,UAAL,CAAgB,GAAhB,EAAqB,iBAArB;AACD,aAFD,MAEO;AACLR,cAAAA,IAAI,CAACU,QAAL,CAAc,GAAd,gCAA0Ca,EAA1C;AACD;;AAjBiB,8CAkBXvB,IAAI,CAACS,IAAL,CAAUL,GAAV,CAlBW;;AAAA;AAAA;AAAA;AAoBlBJ,YAAAA,IAAI,CAACU,QAAL,CAAc,GAAd;AApBkB,8CAqBXV,IAAI,CAACS,IAAL,CAAUL,GAAV,CArBW;;AAAA;AAAA;AAAA;AAAA;AAAA;AAAA;AAAA,GAAH;;AAAA,kBAAbyB,aAAa;AAAA;AAAA;AAAA,GAAnB;;eA0Be;AACb3B,EAAAA,cAAc,EAAdA,cADa;AAEbS,EAAAA,UAAU,EAAVA,UAFa;AAGbU,EAAAA,cAAc,EAAdA,cAHa;AAIbM,EAAAA,UAAU,EAAVA,UAJa;AAKbE,EAAAA,aAAa,EAAbA;AALa,C","sourceRoot":"/app/api/server/controllers","sourcesContent":["import ProductService from '../services/ProductService'\nimport Util from '../utils/Utils'\n\nconst util = new Util()\n\n\nconst getAllProducts = async (req, res) => {\n  try {\n    const allProducts = await ProductService.getAllProducts()\n    if (allProducts.length > 0) {\n      util.setSuccess(200, 'Products retrieved', allProducts)\n    } else {\n      util.setSuccess(200, 'No Product found')\n    }\n    return util.send(res)\n  } catch (error) {\n    util.setError(400, error)\n    return util.send(res)\n  }\n}\nconst addProduct = async (req, res) => {\n  if (!req.body.name || !req.body.price || !req.body.type || !typeof(req.body.breakfast)===Boolean) {\n    util.setError(400, 'Please provide complete details')\n    return util.send(res)\n  }\n  const newProduct = req.body\n  try {\n    const createdProduct = await ProductService.addProduct(newProduct)\n    util.setSuccess(201, 'Product Added!', createdProduct)\n    return util.send(res)\n  } catch (error) {\n    util.setError(400, error.message)\n    return util.send(res)\n  }\n}\n\nconst updatedProduct = async (req, res) => {\n  const alteredProduct = req.body\n  const { id } = req.params\n  if (!Number(id)) {\n    util.setError(400, 'Please input a valid numeric value')\n    return util.send(res)\n  }\n  try {\n    const updateProduct = await ProductService.updateProduct(id, alteredProduct)\n    if (!updateProduct) {\n      util.setError(404, `Cannot find product with the id: ${id}`)\n    } else {\n      util.setSuccess(200, 'Product updated', updateProduct)\n    }\n    return util.send(res)\n  } catch (error) {\n    util.setError(404, error)\n    return util.send(res)\n  }\n}\n\nconst getProduct = async (req, res) => {\n  const { id } = req.params\n\n  if (!Number(id)) {\n    util.setError(400, 'Please input a valid numeric value')\n    return util.send(res)\n  }\n\n  try {\n    const theProduct = await ProductService.getProduct(id)\n\n    if (!theProduct) {\n      util.setError(404, `Cannot find Product with the id ${id}`)\n    } else {\n      util.setSuccess(200, 'Found Product', theProduct)\n    }\n    return util.send(res)\n  } catch (error) {\n    util.setError(404, error)\n    return util.send(res)\n  }\n}\n\nconst deleteProduct = async(req, res) => {\n  console.log('oi');\n  \n  const { id } = req.params\n\n  if (!Number(id)) {\n    util.setError(400, 'Please provide a numeric value')\n    return util.send(res)\n  }\n\n  try {\n    const productToDelete = await ProductService.deleteProduct(id)\n\n    if (productToDelete) {\n      util.setSuccess(200, 'Product deleted')\n    } else {\n      util.setError(404, `Product with the id ${id} cannot be found`)\n    }\n    return util.send(res)\n  } catch (error) {\n    util.setError(400, error)\n    return util.send(res)\n  }\n}\n\n\nexport default {\n  getAllProducts,\n  addProduct,\n  updatedProduct,\n  getProduct,\n  deleteProduct\n}"]},"_coverageSchema":"1a1c01bbd47fc00a2c39e90264f33305004495a9","hash":"f558bfceba88a6125bacd88bc31f2938bbb2cc9d","contentHash":"d98c4585794f37711a042a7c0cd40d86fa54ec48bbcd0ca17e9f57dd0409f642"},"/app/api/server/services/ProductService.js":{"path":"/app/api/server/services/ProductService.js","statementMap":{"0":{"start":{"line":3,"column":29},"end":{"line":3,"column":84}},"1":{"start":{"line":5,"column":0},"end":{"line":7,"column":3}},"2":{"start":{"line":8,"column":0},"end":{"line":8,"column":28}},"3":{"start":{"line":10,"column":19},"end":{"line":10,"column":80}},"4":{"start":{"line":12,"column":25},"end":{"line":12,"column":99}},"5":{"start":{"line":14,"column":23},"end":{"line":14,"column":95}},"6":{"start":{"line":16,"column":20},"end":{"line":16,"column":89}},"7":{"start":{"line":18,"column":14},"end":{"line":18,"column":62}},"8":{"start":{"line":22,"column":0},"end":{"line":262,"column":3}},"9":{"start":{"line":24,"column":4},"end":{"line":24,"column":59}},"10":{"start":{"line":27,"column":2},"end":{"line":260,"column":6}},"11":{"start":{"line":30,"column":28},"end":{"line":55,"column":9}},"12":{"start":{"line":33,"column":8},"end":{"line":54,"column":36}},"13":{"start":{"line":34,"column":10},"end":{"line":53,"column":11}},"14":{"start":{"line":35,"column":12},"end":{"line":52,"column":13}},"15":{"start":{"line":37,"column":16},"end":{"line":37,"column":34}},"16":{"start":{"line":38,"column":16},"end":{"line":38,"column":34}},"17":{"start":{"line":39,"column":16},"end":{"line":39,"column":60}},"18":{"start":{"line":42,"column":16},"end":{"line":42,"column":64}},"19":{"start":{"line":45,"column":16},"end":{"line":45,"column":34}},"20":{"start":{"line":46,"column":16},"end":{"line":46,"column":51}},"21":{"start":{"line":47,"column":16},"end":{"line":47,"column":34}},"22":{"start":{"line":51,"column":16},"end":{"line":51,"column":39}},"23":{"start":{"line":58,"column":8},"end":{"line":58,"column":54}},"24":{"start":{"line":61,"column":6},"end":{"line":61,"column":28}},"25":{"start":{"line":66,"column":24},"end":{"line":91,"column":9}},"26":{"start":{"line":69,"column":8},"end":{"line":90,"column":37}},"27":{"start":{"line":70,"column":10},"end":{"line":89,"column":11}},"28":{"start":{"line":71,"column":12},"end":{"line":88,"column":13}},"29":{"start":{"line":73,"column":16},"end":{"line":73,"column":35}},"30":{"start":{"line":74,"column":16},"end":{"line":74,"column":35}},"31":{"start":{"line":75,"column":16},"end":{"line":75,"column":69}},"32":{"start":{"line":78,"column":16},"end":{"line":78,"column":66}},"33":{"start":{"line":81,"column":16},"end":{"line":81,"column":35}},"34":{"start":{"line":82,"column":16},"end":{"line":82,"column":53}},"35":{"start":{"line":83,"column":16},"end":{"line":83,"column":35}},"36":{"start":{"line":87,"column":16},"end":{"line":87,"column":40}},"37":{"start":{"line":94,"column":8},"end":{"line":94,"column":50}},"38":{"start":{"line":97,"column":6},"end":{"line":97,"column":24}},"39":{"start":{"line":102,"column":28},"end":{"line":150,"column":9}},"40":{"start":{"line":106,"column":8},"end":{"line":149,"column":38}},"41":{"start":{"line":107,"column":10},"end":{"line":148,"column":11}},"42":{"start":{"line":108,"column":12},"end":{"line":147,"column":13}},"43":{"start":{"line":110,"column":16},"end":{"line":110,"column":35}},"44":{"start":{"line":111,"column":16},"end":{"line":111,"column":35}},"45":{"start":{"line":112,"column":16},"end":{"line":116,"column":19}},"46":{"start":{"line":119,"column":16},"end":{"line":119,"column":49}},"47":{"start":{"line":121,"column":16},"end":{"line":124,"column":17}},"48":{"start":{"line":122,"column":18},"end":{"line":122,"column":37}},"49":{"start":{"line":123,"column":18},"end":{"line":123,"column":24}},"50":{"start":{"line":126,"column":16},"end":{"line":126,"column":35}},"51":{"start":{"line":127,"column":16},"end":{"line":131,"column":19}},"52":{"start":{"line":134,"column":16},"end":{"line":134,"column":66}},"53":{"start":{"line":137,"column":16},"end":{"line":137,"column":56}},"54":{"start":{"line":140,"column":16},"end":{"line":140,"column":36}},"55":{"start":{"line":141,"column":16},"end":{"line":141,"column":53}},"56":{"start":{"line":142,"column":16},"end":{"line":142,"column":35}},"57":{"start":{"line":146,"column":16},"end":{"line":146,"column":40}},"58":{"start":{"line":153,"column":8},"end":{"line":153,"column":54}},"59":{"start":{"line":156,"column":6},"end":{"line":156,"column":27}},"60":{"start":{"line":161,"column":24},"end":{"line":192,"column":9}},"61":{"start":{"line":165,"column":8},"end":{"line":191,"column":37}},"62":{"start":{"line":166,"column":10},"end":{"line":190,"column":11}},"63":{"start":{"line":167,"column":12},"end":{"line":189,"column":13}},"64":{"start":{"line":169,"column":16},"end":{"line":169,"column":35}},"65":{"start":{"line":170,"column":16},"end":{"line":170,"column":35}},"66":{"start":{"line":171,"column":16},"end":{"line":175,"column":19}},"67":{"start":{"line":178,"column":16},"end":{"line":178,"column":44}},"68":{"start":{"line":179,"column":16},"end":{"line":179,"column":62}},"69":{"start":{"line":182,"column":16},"end":{"line":182,"column":35}},"70":{"start":{"line":183,"column":16},"end":{"line":183,"column":53}},"71":{"start":{"line":184,"column":16},"end":{"line":184,"column":35}},"72":{"start":{"line":188,"column":16},"end":{"line":188,"column":40}},"73":{"start":{"line":195,"column":8},"end":{"line":195,"column":50}},"74":{"start":{"line":198,"column":6},"end":{"line":198,"column":24}},"75":{"start":{"line":203,"column":27},"end":{"line":252,"column":9}},"76":{"start":{"line":207,"column":8},"end":{"line":251,"column":38}},"77":{"start":{"line":208,"column":10},"end":{"line":250,"column":11}},"78":{"start":{"line":209,"column":12},"end":{"line":249,"column":13}},"79":{"start":{"line":211,"column":16},"end":{"line":211,"column":35}},"80":{"start":{"line":212,"column":16},"end":{"line":212,"column":35}},"81":{"start":{"line":213,"column":16},"end":{"line":217,"column":19}},"82":{"start":{"line":220,"column":16},"end":{"line":220,"column":49}},"83":{"start":{"line":222,"column":16},"end":{"line":225,"column":17}},"84":{"start":{"line":223,"column":18},"end":{"line":223,"column":37}},"85":{"start":{"line":224,"column":18},"end":{"line":224,"column":24}},"86":{"start":{"line":227,"column":16},"end":{"line":227,"column":35}},"87":{"start":{"line":228,"column":16},"end":{"line":232,"column":19}},"88":{"start":{"line":235,"column":16},"end":{"line":235,"column":48}},"89":{"start":{"line":236,"column":16},"end":{"line":236,"column":66}},"90":{"start":{"line":239,"column":16},"end":{"line":239,"column":56}},"91":{"start":{"line":242,"column":16},"end":{"line":242,"column":36}},"92":{"start":{"line":243,"column":16},"end":{"line":243,"column":53}},"93":{"start":{"line":244,"column":16},"end":{"line":244,"column":35}},"94":{"start":{"line":248,"column":16},"end":{"line":248,"column":40}},"95":{"start":{"line":255,"column":8},"end":{"line":255,"column":53}},"96":{"start":{"line":258,"column":6},"end":{"line":258,"column":27}},"97":{"start":{"line":261,"column":2},"end":{"line":261,"column":24}},"98":{"start":{"line":264,"column":15},"end":{"line":264,"column":29}},"99":{"start":{"line":265,"column":0},"end":{"line":265,"column":30}}},"fnMap":{"0":{"name":"(anonymous_0)","decl":{"start":{"line":22,"column":0},"end":{"line":22,"column":1}},"loc":{"start":{"line":22,"column":12},"end":{"line":262,"column":1}},"line":22},"1":{"name":"ProductService","decl":{"start":{"line":23,"column":11},"end":{"line":23,"column":25}},"loc":{"start":{"line":23,"column":28},"end":{"line":25,"column":3}},"line":23},"2":{"name":"(anonymous_2)","decl":{"start":{"line":29,"column":11},"end":{"line":29,"column":12}},"loc":{"start":{"line":29,"column":23},"end":{"line":62,"column":5}},"line":29},"3":{"name":"_callee","decl":{"start":{"line":32,"column":44},"end":{"line":32,"column":51}},"loc":{"start":{"line":32,"column":54},"end":{"line":55,"column":7}},"line":32},"4":{"name":"_callee$","decl":{"start":{"line":33,"column":53},"end":{"line":33,"column":61}},"loc":{"start":{"line":33,"column":72},"end":{"line":54,"column":9}},"line":33},"5":{"name":"getAllProducts","decl":{"start":{"line":57,"column":15},"end":{"line":57,"column":29}},"loc":{"start":{"line":57,"column":32},"end":{"line":59,"column":7}},"line":57},"6":{"name":"(anonymous_6)","decl":{"start":{"line":65,"column":11},"end":{"line":65,"column":12}},"loc":{"start":{"line":65,"column":23},"end":{"line":98,"column":5}},"line":65},"7":{"name":"_callee2","decl":{"start":{"line":68,"column":44},"end":{"line":68,"column":52}},"loc":{"start":{"line":68,"column":65},"end":{"line":91,"column":7}},"line":68},"8":{"name":"_callee2$","decl":{"start":{"line":69,"column":53},"end":{"line":69,"column":62}},"loc":{"start":{"line":69,"column":74},"end":{"line":90,"column":9}},"line":69},"9":{"name":"addProduct","decl":{"start":{"line":93,"column":15},"end":{"line":93,"column":25}},"loc":{"start":{"line":93,"column":30},"end":{"line":95,"column":7}},"line":93},"10":{"name":"(anonymous_10)","decl":{"start":{"line":101,"column":11},"end":{"line":101,"column":12}},"loc":{"start":{"line":101,"column":23},"end":{"line":157,"column":5}},"line":101},"11":{"name":"_callee3","decl":{"start":{"line":104,"column":44},"end":{"line":104,"column":52}},"loc":{"start":{"line":104,"column":73},"end":{"line":150,"column":7}},"line":104},"12":{"name":"_callee3$","decl":{"start":{"line":106,"column":53},"end":{"line":106,"column":62}},"loc":{"start":{"line":106,"column":74},"end":{"line":149,"column":9}},"line":106},"13":{"name":"updateProduct","decl":{"start":{"line":152,"column":15},"end":{"line":152,"column":28}},"loc":{"start":{"line":152,"column":39},"end":{"line":154,"column":7}},"line":152},"14":{"name":"(anonymous_14)","decl":{"start":{"line":160,"column":11},"end":{"line":160,"column":12}},"loc":{"start":{"line":160,"column":23},"end":{"line":199,"column":5}},"line":160},"15":{"name":"_callee4","decl":{"start":{"line":163,"column":44},"end":{"line":163,"column":52}},"loc":{"start":{"line":163,"column":57},"end":{"line":192,"column":7}},"line":163},"16":{"name":"_callee4$","decl":{"start":{"line":165,"column":53},"end":{"line":165,"column":62}},"loc":{"start":{"line":165,"column":74},"end":{"line":191,"column":9}},"line":165},"17":{"name":"getProduct","decl":{"start":{"line":194,"column":15},"end":{"line":194,"column":25}},"loc":{"start":{"line":194,"column":31},"end":{"line":196,"column":7}},"line":194},"18":{"name":"(anonymous_18)","decl":{"start":{"line":202,"column":11},"end":{"line":202,"column":12}},"loc":{"start":{"line":202,"column":23},"end":{"line":259,"column":5}},"line":202},"19":{"name":"_callee5","decl":{"start":{"line":205,"column":44},"end":{"line":205,"column":52}},"loc":{"start":{"line":205,"column":57},"end":{"line":252,"column":7}},"line":205},"20":{"name":"_callee5$","decl":{"start":{"line":207,"column":53},"end":{"line":207,"column":62}},"loc":{"start":{"line":207,"column":74},"end":{"line":251,"column":9}},"line":207},"21":{"name":"deleteProduct","decl":{"start":{"line":254,"column":15},"end":{"line":254,"column":28}},"loc":{"start":{"line":254,"column":34},"end":{"line":256,"column":7}},"line":254}},"branchMap":{"0":{"loc":{"start":{"line":35,"column":12},"end":{"line":52,"column":13}},"type":"switch","locations":[{"start":{"line":36,"column":14},"end":{"line":39,"column":60}},{"start":{"line":41,"column":14},"end":{"line":42,"column":64}},{"start":{"line":44,"column":14},"end":{"line":47,"column":34}},{"start":{"line":49,"column":14},"end":{"line":49,"column":21}},{"start":{"line":50,"column":14},"end":{"line":51,"column":39}}],"line":35},"1":{"loc":{"start":{"line":71,"column":12},"end":{"line":88,"column":13}},"type":"switch","locations":[{"start":{"line":72,"column":14},"end":{"line":75,"column":69}},{"start":{"line":77,"column":14},"end":{"line":78,"column":66}},{"start":{"line":80,"column":14},"end":{"line":83,"column":35}},{"start":{"line":85,"column":14},"end":{"line":85,"column":21}},{"start":{"line":86,"column":14},"end":{"line":87,"column":40}}],"line":71},"2":{"loc":{"start":{"line":108,"column":12},"end":{"line":147,"column":13}},"type":"switch","locations":[{"start":{"line":109,"column":14},"end":{"line":116,"column":19}},{"start":{"line":118,"column":14},"end":{"line":131,"column":19}},{"start":{"line":133,"column":14},"end":{"line":134,"column":66}},{"start":{"line":136,"column":14},"end":{"line":137,"column":56}},{"start":{"line":139,"column":14},"end":{"line":142,"column":35}},{"start":{"line":144,"column":14},"end":{"line":144,"column":22}},{"start":{"line":145,"column":14},"end":{"line":146,"column":40}}],"line":108},"3":{"loc":{"start":{"line":121,"column":16},"end":{"line":124,"column":17}},"type":"if","locations":[{"start":{"line":121,"column":16},"end":{"line":124,"column":17}},{"start":{"line":121,"column":16},"end":{"line":124,"column":17}}],"line":121},"4":{"loc":{"start":{"line":167,"column":12},"end":{"line":189,"column":13}},"type":"switch","locations":[{"start":{"line":168,"column":14},"end":{"line":175,"column":19}},{"start":{"line":177,"column":14},"end":{"line":179,"column":62}},{"start":{"line":181,"column":14},"end":{"line":184,"column":35}},{"start":{"line":186,"column":14},"end":{"line":186,"column":22}},{"start":{"line":187,"column":14},"end":{"line":188,"column":40}}],"line":167},"5":{"loc":{"start":{"line":209,"column":12},"end":{"line":249,"column":13}},"type":"switch","locations":[{"start":{"line":210,"column":14},"end":{"line":217,"column":19}},{"start":{"line":219,"column":14},"end":{"line":232,"column":19}},{"start":{"line":234,"column":14},"end":{"line":236,"column":66}},{"start":{"line":238,"column":14},"end":{"line":239,"column":56}},{"start":{"line":241,"column":14},"end":{"line":244,"column":35}},{"start":{"line":246,"column":14},"end":{"line":246,"column":22}},{"start":{"line":247,"column":14},"end":{"line":248,"column":40}}],"line":209},"6":{"loc":{"start":{"line":222,"column":16},"end":{"line":225,"column":17}},"type":"if","locations":[{"start":{"line":222,"column":16},"end":{"line":225,"column":17}},{"start":{"line":222,"column":16},"end":{"line":225,"column":17}}],"line":222}},"s":{"0":1,"1":1,"2":1,"3":1,"4":1,"5":1,"6":1,"7":1,"8":1,"9":0,"10":1,"11":1,"12":1,"13":3,"14":3,"15":1,"16":1,"17":1,"18":1,"19":0,"20":0,"21":0,"22":1,"23":1,"24":1,"25":1,"26":1,"27":3,"28":3,"29":1,"30":1,"31":1,"32":1,"33":0,"34":0,"35":0,"36":1,"37":1,"38":1,"39":1,"40":0,"41":0,"42":0,"43":0,"44":0,"45":0,"46":0,"47":0,"48":0,"49":0,"50":0,"51":0,"52":0,"53":0,"54":0,"55":0,"56":0,"57":0,"58":0,"59":1,"60":1,"61":2,"62":6,"63":6,"64":2,"65":2,"66":2,"67":2,"68":2,"69":0,"70":0,"71":0,"72":2,"73":2,"74":1,"75":1,"76":0,"77":0,"78":0,"79":0,"80":0,"81":0,"82":0,"83":0,"84":0,"85":0,"86":0,"87":0,"88":0,"89":0,"90":0,"91":0,"92":0,"93":0,"94":0,"95":0,"96":1,"97":1,"98":1,"99":1},"f":{"0":1,"1":0,"2":1,"3":1,"4":3,"5":1,"6":1,"7":1,"8":3,"9":1,"10":1,"11":0,"12":0,"13":0,"14":1,"15":2,"16":6,"17":2,"18":1,"19":0,"20":0,"21":0},"b":{"0":[1,1,0,0,1],"1":[1,1,0,0,1],"2":[0,0,0,0,0,0,0],"3":[0,0],"4":[2,2,0,0,2],"5":[0,0,0,0,0,0,0],"6":[0,0]},"inputSourceMap":{"version":3,"sources":["ProductService.js"],"names":["ProductService","database","product","findAll","newProduct","create","id","updateProduct","findOne","where","Number","productToUpdate","update","theProduct","productToDelete","destroy","deletedProduct"],"mappings":";;;;;;;;;;;;;;;;;AAAA;;IAEMA,c;;;;;;;;;;;;;;;;;;;uBAGaC,mBAASC,OAAT,CAAiBC,OAAjB,E;;;;;;;;;;;;;;;;;;;;;;;;;;;;;qDAMOC,U;;;;;;;uBAEPH,mBAASC,OAAT,CAAiBG,MAAjB,CAAwBD,UAAxB,C;;;;;;;;;;;;;;;;;;;;;;;;;;;;;qDAMUE,E,EAAIC,c;;;;;;;;uBAEGN,mBAASC,OAAT,CAAiBM,OAAjB,CAAyB;AACrDC,kBAAAA,KAAK,EAAE;AAAEH,oBAAAA,EAAE,EAAEI,MAAM,CAACJ,EAAD;AAAZ;AAD8C,iBAAzB,C;;;AAAxBK,gBAAAA,e;;qBAIFA,e;;;;;;uBACIV,mBAASC,OAAT,CAAiBU,MAAjB,CAAwBL,cAAxB,EAAuC;AAAEE,kBAAAA,KAAK,EAAE;AAAEH,oBAAAA,EAAE,EAAEI,MAAM,CAACJ,EAAD;AAAZ;AAAT,iBAAvC,C;;;kDAECC,c;;;kDAEF,I;;;;;;;;;;;;;;;;;;;;;;;;;;qDAMaD,E;;;;;;;;uBAEKL,mBAASC,OAAT,CAAiBM,OAAjB,CAAyB;AAChDC,kBAAAA,KAAK,EAAE;AAAEH,oBAAAA,EAAE,EAAEI,MAAM,CAACJ,EAAD;AAAZ;AADyC,iBAAzB,C;;;AAAnBO,gBAAAA,U;kDAICA,U;;;;;;;;;;;;;;;;;;;;;;;;;;qDAMgBP,E;;;;;;;;uBAEOL,mBAASC,OAAT,CAAiBM,OAAjB,CAAyB;AAAEC,kBAAAA,KAAK,EAAE;AAAEH,oBAAAA,EAAE,EAAEI,MAAM,CAACJ,EAAD;AAAZ;AAAT,iBAAzB,C;;;AAAxBQ,gBAAAA,e;;qBAEFA,e;;;;;;uBAC2Bb,mBAASC,OAAT,CAAiBa,OAAjB,CAAyB;AACpDN,kBAAAA,KAAK,EAAE;AAAEH,oBAAAA,EAAE,EAAEI,MAAM,CAACJ,EAAD;AAAZ;AAD6C,iBAAzB,C;;;AAAvBU,gBAAAA,c;kDAGCA,c;;;kDAEF,I;;;;;;;;;;;;;;;;;;;;;;;;;eAOEhB,c","sourceRoot":"/app/api/server/services","sourcesContent":["import database from '../src/models'\n\nclass ProductService {\n  static async getAllProducts() {\n    try {\n      return await database.product.findAll()\n    } catch (error) {\n      throw error\n    }\n  }\n\n  static async addProduct(newProduct) {\n    try {      \n      return await database.product.create(newProduct)\n    } catch (error) {\n      throw error\n    }\n  }\n\n  static async updateProduct(id, updateProduct) {\n    try {\n      const productToUpdate = await database.product.findOne({\n        where: { id: Number(id) }\n      })\n\n      if (productToUpdate) {\n        await database.product.update(updateProduct, { where: { id: Number(id) } })\n\n        return updateProduct\n      }\n      return null\n    } catch (error) {\n      throw error\n    }\n  }\n\n  static async getProduct(id) {\n    try {\n      const theProduct = await database.product.findOne({\n        where: { id: Number(id) }\n      })\n\n      return theProduct\n    } catch (error) {\n      throw error\n    }\n  }\n\n  static async deleteProduct(id) {\n    try {      \n      const productToDelete = await database.product.findOne({ where: { id: Number(id) } })\n\n      if (productToDelete) {\n        const deletedProduct = await database.product.destroy({\n          where: { id: Number(id) }\n        })\n        return deletedProduct\n      }\n      return null\n    } catch (error) {\n      throw error\n    }\n  }\n}\n\nexport default ProductService"]},"_coverageSchema":"1a1c01bbd47fc00a2c39e90264f33305004495a9","hash":"5c8ac44b24ec3309f8df3ee74681ac0541d4b005","contentHash":"6b49b803848bb3bbc7c567f097f4e83ed605c2cf50734cd744a97fcb7f4ee222"},"/app/api/server/src/models/index.js":{"path":"/app/api/server/src/models/index.js","statementMap":{"0":{"start":{"line":3,"column":29},"end":{"line":3,"column":84}},"1":{"start":{"line":5,"column":0},"end":{"line":7,"column":3}},"2":{"start":{"line":8,"column":0},"end":{"line":8,"column":28}},"3":{"start":{"line":10,"column":10},"end":{"line":10,"column":47}},"4":{"start":{"line":12,"column":12},"end":{"line":12,"column":51}},"5":{"start":{"line":14,"column":17},"end":{"line":14,"column":61}},"6":{"start":{"line":16,"column":14},"end":{"line":16,"column":65}},"7":{"start":{"line":19,"column":15},"end":{"line":19,"column":52}},"8":{"start":{"line":21,"column":10},"end":{"line":21,"column":47}},"9":{"start":{"line":22,"column":13},"end":{"line":22,"column":36}},"10":{"start":{"line":23,"column":9},"end":{"line":23,"column":11}},"11":{"start":{"line":26,"column":0},"end":{"line":40,"column":1}},"12":{"start":{"line":27,"column":2},"end":{"line":27,"column":86}},"13":{"start":{"line":28,"column":2},"end":{"line":37,"column":5}},"14":{"start":{"line":39,"column":2},"end":{"line":39,"column":99}},"15":{"start":{"line":42,"column":0},"end":{"line":47,"column":3}},"16":{"start":{"line":43,"column":2},"end":{"line":43,"column":82}},"17":{"start":{"line":45,"column":14},"end":{"line":45,"column":73}},"18":{"start":{"line":46,"column":2},"end":{"line":46,"column":25}},"19":{"start":{"line":49,"column":0},"end":{"line":53,"column":3}},"20":{"start":{"line":50,"column":2},"end":{"line":52,"column":3}},"21":{"start":{"line":51,"column":4},"end":{"line":51,"column":32}},"22":{"start":{"line":54,"column":0},"end":{"line":54,"column":25}},"23":{"start":{"line":55,"column":0},"end":{"line":55,"column":37}},"24":{"start":{"line":56,"column":15},"end":{"line":56,"column":17}},"25":{"start":{"line":57,"column":0},"end":{"line":57,"column":30}}},"fnMap":{"0":{"name":"(anonymous_0)","decl":{"start":{"line":42,"column":45},"end":{"line":42,"column":46}},"loc":{"start":{"line":42,"column":61},"end":{"line":44,"column":1}},"line":42},"1":{"name":"(anonymous_1)","decl":{"start":{"line":44,"column":11},"end":{"line":44,"column":12}},"loc":{"start":{"line":44,"column":27},"end":{"line":47,"column":1}},"line":44},"2":{"name":"(anonymous_2)","decl":{"start":{"line":49,"column":24},"end":{"line":49,"column":25}},"loc":{"start":{"line":49,"column":45},"end":{"line":53,"column":1}},"line":49}},"branchMap":{"0":{"loc":{"start":{"line":21,"column":10},"end":{"line":21,"column":47}},"type":"binary-expr","locations":[{"start":{"line":21,"column":10},"end":{"line":21,"column":30}},{"start":{"line":21,"column":34},"end":{"line":21,"column":47}}],"line":21},"1":{"loc":{"start":{"line":26,"column":0},"end":{"line":40,"column":1}},"type":"if","locations":[{"start":{"line":26,"column":0},"end":{"line":40,"column":1}},{"start":{"line":26,"column":0},"end":{"line":40,"column":1}}],"line":26},"2":{"loc":{"start":{"line":43,"column":9},"end":{"line":43,"column":81}},"type":"binary-expr","locations":[{"start":{"line":43,"column":9},"end":{"line":43,"column":32}},{"start":{"line":43,"column":36},"end":{"line":43,"column":53}},{"start":{"line":43,"column":57},"end":{"line":43,"column":81}}],"line":43},"3":{"loc":{"start":{"line":50,"column":2},"end":{"line":52,"column":3}},"type":"if","locations":[{"start":{"line":50,"column":2},"end":{"line":52,"column":3}},{"start":{"line":50,"column":2},"end":{"line":52,"column":3}}],"line":50}},"s":{"0":1,"1":1,"2":1,"3":1,"4":1,"5":1,"6":1,"7":1,"8":1,"9":1,"10":1,"11":1,"12":0,"13":0,"14":1,"15":1,"16":4,"17":3,"18":3,"19":1,"20":3,"21":3,"22":1,"23":1,"24":1,"25":1},"f":{"0":4,"1":3,"2":3},"b":{"0":[1,0],"1":[0,1],"2":[4,4,3],"3":[3,0]},"inputSourceMap":{"version":3,"sources":["index.js"],"names":["basename","path","__filename","env","process","NODE_ENV","config","configJson","db","sequelize","environment","Sequelize","use_env_variable","DB_NAME","DB_USER","DB_PASS","host","DB_HOST","port","DB_PORT","dialect","dialectOption","ssl","logging","database","username","password","fs","readdirSync","__dirname","filter","file","indexOf","slice","forEach","model","join","name","Object","keys","modelName","associate"],"mappings":";;;;;;;;;AAAA;;AACA;;AACA;;AACA;;AACA;AAEA,IAAMA,QAAQ,GAAGC,iBAAKD,QAAL,CAAcE,UAAd,CAAjB;;AACA,IAAMC,GAAG,GAAGC,OAAO,CAACD,GAAR,CAAYE,QAAZ,IAAwB,aAApC;AAEA,IAAMC,MAAM,GAAGC,mBAAWJ,GAAX,CAAf;AAEA,IAAMK,EAAE,GAAG,EAAX;AAEA,IAAIC,SAAJ;;AACA,IAAIH,MAAM,CAACI,WAAP,KAAuB,YAA3B,EAAyC;AACvCD,EAAAA,SAAS,GAAG,IAAIE,qBAAJ,CACVP,OAAO,CAACD,GAAR,CAAYG,MAAM,CAACM,gBAAnB,CADU,EAC4BN,MAD5B,CAAZ;AAGEG,EAAAA,SAAS,GAAG,IAAIE,qBAAJ,CACVP,OAAO,CAACD,GAAR,CAAYU,OADF,EAEVT,OAAO,CAACD,GAAR,CAAYW,OAFF,EAGVV,OAAO,CAACD,GAAR,CAAYY,OAHF,EAGW;AACnBC,IAAAA,IAAI,EAAEZ,OAAO,CAACD,GAAR,CAAYc,OADC;AAEnBC,IAAAA,IAAI,EAAEd,OAAO,CAACD,GAAR,CAAYgB,OAFC;AAGnBC,IAAAA,OAAO,EAAE,UAHU;AAInBC,IAAAA,aAAa,EAAE;AACbC,MAAAA,GAAG,EAAE,IADQ;AAEb,gBAAQ;AAFK,KAJI;AAQnBC,IAAAA,OAAO,EAAE;AARU,GAHX,CAAZ;AAcH,CAlBD,MAkBO;AACLd,EAAAA,SAAS,GAAG,IAAIE,qBAAJ,CACVL,MAAM,CAACkB,QADG,EACOlB,MAAM,CAACmB,QADd,EACwBnB,MAAM,CAACoB,QAD/B,EACyCpB,MADzC,CAAZ;AAGD;;AAEDqB,eACGC,WADH,CACeC,SADf,EAEGC,MAFH,CAEU,UAAAC,IAAI,EAAI;AACd,SAAQA,IAAI,CAACC,OAAL,CAAa,GAAb,MAAsB,CAAvB,IAA8BD,IAAI,KAAK/B,QAAvC,IAAqD+B,IAAI,CAACE,KAAL,CAAW,CAAC,CAAZ,MAAmB,KAA/E;AACD,CAJH,EAKGC,OALH,CAKW,UAAAH,IAAI,EAAI;AACf,MAAMI,KAAK,GAAG1B,SAAS,UAAT,CAAiBR,iBAAKmC,IAAL,CAAUP,SAAV,EAAqBE,IAArB,CAAjB,CAAd;AACAvB,EAAAA,EAAE,CAAC2B,KAAK,CAACE,IAAP,CAAF,GAAiBF,KAAjB;AACD,CARH;;AAUAG,MAAM,CAACC,IAAP,CAAY/B,EAAZ,EAAgB0B,OAAhB,CAAwB,UAAAM,SAAS,EAAI;AACnC,MAAIhC,EAAE,CAACgC,SAAD,CAAF,CAAcC,SAAlB,EAA6B;AAC3BjC,IAAAA,EAAE,CAACgC,SAAD,CAAF,CAAcC,SAAd,CAAwBjC,EAAxB;AACD;AACF,CAJD;AAMAA,EAAE,CAACC,SAAH,GAAeA,SAAf;AACAD,EAAE,CAACG,SAAH,GAAeA,qBAAf;eAEeH,E","sourceRoot":"/app/api/server/src/models","sourcesContent":["import fs from 'fs'\nimport path from 'path'\nimport Sequelize from 'sequelize'\nimport configJson from '../config/config'\n// 'use strict';\n\nconst basename = path.basename(__filename);\nconst env = process.env.NODE_ENV || 'development';\n\nconst config = configJson[env];\n\nconst db = {};\n\nlet sequelize;\nif (config.environment === 'production') {\n  sequelize = new Sequelize(\n    process.env[config.use_env_variable], config\n    );\n    sequelize = new Sequelize(\n      process.env.DB_NAME,\n      process.env.DB_USER,\n      process.env.DB_PASS, {\n        host: process.env.DB_HOST,\n        port: process.env.DB_PORT,\n        dialect: 'postgres',\n        dialectOption: {\n          ssl: true,\n          native: true\n        },\n        logging: true\n      }\n    );\n} else {\n  sequelize = new Sequelize(\n    config.database, config.username, config.password, config\n    );\n}\n\nfs\n  .readdirSync(__dirname)\n  .filter(file => {\n    return (file.indexOf('.') !== 0) && (file !== basename) && (file.slice(-3) === '.js');\n  })\n  .forEach(file => {\n    const model = sequelize.import(path.join(__dirname, file));\n    db[model.name] = model;\n  });\n\nObject.keys(db).forEach(modelName => {\n  if (db[modelName].associate) {\n    db[modelName].associate(db);\n  }\n});\n\ndb.sequelize = sequelize;\ndb.Sequelize = Sequelize;\n\nexport default db;\n"]},"_coverageSchema":"1a1c01bbd47fc00a2c39e90264f33305004495a9","hash":"ba5496a66b434b5f4e17dc0df996d455a23678b3","contentHash":"31485433ea6d859859973f05d40c48112c28035b8dd23ddd2eb23a99b3954739"},"/app/api/server/src/config/config.js":{"path":"/app/api/server/src/config/config.js","statementMap":{"0":{"start":{"line":3,"column":0},"end":{"line":28,"column":2}}},"fnMap":{},"branchMap":{},"s":{"0":1},"f":{},"b":{},"inputSourceMap":{"version":3,"sources":["config.js"],"names":["module","exports"],"mappings":";;AAAAA,MAAM,CAACC,OAAP,GAAiB;AACf,iBAAe;AACb,gBAAY,UADC;AAEb,gBAAY,IAFC;AAGb,gBAAY,2BAHC;AAIb,YAAQ,IAJK;AAKb,eAAW,UALE;AAMb,wBAAoB;AANP,GADA;AASf,UAAQ;AACN,gBAAY,UADN;AAEN,gBAAY,IAFN;AAGN,gBAAY,oBAHN;AAIN,YAAQ,IAJF;AAKN,eAAW,UALL;AAMN,wBAAoB;AANd,GATO;AAiBf,gBAAc;AACZ,gBAAY,UADA;AAEZ,gBAAY,IAFA;AAGZ,gBAAY,0BAHA;AAIZ,YAAQ,IAJI;AAKZ,eAAW,UALC;AAMZ,wBAAoB;AANR;AAjBC,CAAjB","sourceRoot":"/app/api/server/src/config","sourcesContent":["module.exports = {\n  \"development\": {\n    \"username\": \"postgres\",\n    \"password\": null,\n    \"database\": \"jwburgerqueen_development\",\n    \"host\": \"db\",\n    \"dialect\": \"postgres\",\n    \"operatorsAliases\": false\n  },\n  \"test\": {\n    \"username\": \"postgres\",\n    \"password\": null,\n    \"database\": \"jwburgerqueen_test\",\n    \"host\": \"db\",\n    \"dialect\": \"postgres\",\n    \"operatorsAliases\": false\n  },\n  \"production\": {\n    \"username\": \"postgres\",\n    \"password\": null,\n    \"database\": \"jwburgerqueen_production\",\n    \"host\": \"db\",\n    \"dialect\": \"postgres\",\n    \"operatorsAliases\": false\n  }\n}\n"]},"_coverageSchema":"1a1c01bbd47fc00a2c39e90264f33305004495a9","hash":"c5314caf0d12745b85c073db6853e5c84db2e48e","contentHash":"be5f9dce447a3d4122e0d44b87190db137e691fa17aad6b0031f3d76bc7bcea8"},"/app/api/server/src/models/item.js":{"path":"/app/api/server/src/models/item.js","statementMap":{"0":{"start":{"line":3,"column":0},"end":{"line":15,"column":2}},"1":{"start":{"line":4,"column":13},"end":{"line":9,"column":8}},"2":{"start":{"line":11,"column":2},"end":{"line":12,"column":4}},"3":{"start":{"line":14,"column":2},"end":{"line":14,"column":14}}},"fnMap":{"0":{"name":"(anonymous_0)","decl":{"start":{"line":3,"column":17},"end":{"line":3,"column":18}},"loc":{"start":{"line":3,"column":49},"end":{"line":15,"column":1}},"line":3},"1":{"name":"(anonymous_1)","decl":{"start":{"line":11,"column":19},"end":{"line":11,"column":20}},"loc":{"start":{"line":11,"column":37},"end":{"line":12,"column":3}},"line":11}},"branchMap":{},"s":{"0":1,"1":1,"2":1,"3":1},"f":{"0":1,"1":1},"b":{},"inputSourceMap":{"version":3,"sources":["item.js"],"names":["module","exports","sequelize","DataTypes","item","define","option","STRING","additionalId","INTEGER","productId","orderId","associate","models"],"mappings":"AAAA;;AACAA,MAAM,CAACC,OAAP,GAAiB,UAACC,SAAD,EAAYC,SAAZ,EAA0B;AACzC,MAAMC,IAAI,GAAGF,SAAS,CAACG,MAAV,CAAiB,MAAjB,EAAyB;AACpCC,IAAAA,MAAM,EAAEH,SAAS,CAACI,MADkB;AAEpCC,IAAAA,YAAY,EAAEL,SAAS,CAACM,OAFY;AAGpCC,IAAAA,SAAS,EAAEP,SAAS,CAACM,OAHe;AAIpCE,IAAAA,OAAO,EAAER,SAAS,CAACM;AAJiB,GAAzB,EAKV,EALU,CAAb;;AAMAL,EAAAA,IAAI,CAACQ,SAAL,GAAiB,UAASC,MAAT,EAAiB,CAChC;AACD,GAFD;;AAGA,SAAOT,IAAP;AACD,CAXD","sourceRoot":"/app/api/server/src/models","sourcesContent":["'use strict';\nmodule.exports = (sequelize, DataTypes) => {\n  const item = sequelize.define('item', {\n    option: DataTypes.STRING,\n    additionalId: DataTypes.INTEGER,\n    productId: DataTypes.INTEGER,\n    orderId: DataTypes.INTEGER\n  }, {});\n  item.associate = function(models) {\n    // associations can be defined here\n  };\n  return item;\n};"]},"_coverageSchema":"1a1c01bbd47fc00a2c39e90264f33305004495a9","hash":"240290d9517d3de6006bc2df16e6917cf37b8dcb","contentHash":"e3da5753e452711130d71325d6eb4d2f77ccdd7e78f71673e7faf0b006f8560f"},"/app/api/server/src/models/order.js":{"path":"/app/api/server/src/models/order.js","statementMap":{"0":{"start":{"line":3,"column":0},"end":{"line":15,"column":2}},"1":{"start":{"line":4,"column":14},"end":{"line":8,"column":8}},"2":{"start":{"line":10,"column":2},"end":{"line":12,"column":4}},"3":{"start":{"line":11,"column":4},"end":{"line":11,"column":31}},"4":{"start":{"line":14,"column":2},"end":{"line":14,"column":15}}},"fnMap":{"0":{"name":"(anonymous_0)","decl":{"start":{"line":3,"column":17},"end":{"line":3,"column":18}},"loc":{"start":{"line":3,"column":49},"end":{"line":15,"column":1}},"line":3},"1":{"name":"(anonymous_1)","decl":{"start":{"line":10,"column":20},"end":{"line":10,"column":21}},"loc":{"start":{"line":10,"column":38},"end":{"line":12,"column":3}},"line":10}},"branchMap":{},"s":{"0":1,"1":1,"2":1,"3":1,"4":1},"f":{"0":1,"1":1},"b":{},"inputSourceMap":{"version":3,"sources":["order.js"],"names":["module","exports","sequelize","DataTypes","order","define","status","STRING","mesa","INTEGER","clientName","TEXT","associate","models","hasMany","item"],"mappings":"AAAA;;AACAA,MAAM,CAACC,OAAP,GAAiB,UAACC,SAAD,EAAYC,SAAZ,EAA0B;AACzC,MAAMC,KAAK,GAAGF,SAAS,CAACG,MAAV,CAAiB,OAAjB,EAA0B;AACtCC,IAAAA,MAAM,EAAEH,SAAS,CAACI,MADoB;AAEtCC,IAAAA,IAAI,EAAEL,SAAS,CAACM,OAFsB;AAGtCC,IAAAA,UAAU,EAAEP,SAAS,CAACQ;AAHgB,GAA1B,EAIX,EAJW,CAAd;;AAKAP,EAAAA,KAAK,CAACQ,SAAN,GAAkB,UAASC,MAAT,EAAiB;AACjCT,IAAAA,KAAK,CAACU,OAAN,CAAcD,MAAM,CAACE,IAArB,EADiC,CAEjC;AACD,GAHD;;AAIA,SAAOX,KAAP;AACD,CAXD","sourceRoot":"/app/api/server/src/models","sourcesContent":["'use strict';\nmodule.exports = (sequelize, DataTypes) => {\n  const order = sequelize.define('order', {\n    status: DataTypes.STRING,\n    mesa: DataTypes.INTEGER,\n    clientName: DataTypes.TEXT,\n  }, {});\n  order.associate = function(models) {\n    order.hasMany(models.item)\n    // associations can be defined here\n  };\n  return order;\n};"]},"_coverageSchema":"1a1c01bbd47fc00a2c39e90264f33305004495a9","hash":"34643952979d88af91e75dea01364fa495456977","contentHash":"3b68525fe5ba17822d0382704732f7a5f921cca920740d1e25546b3d63d12720"},"/app/api/server/src/models/product.js":{"path":"/app/api/server/src/models/product.js","statementMap":{"0":{"start":{"line":3,"column":0},"end":{"line":16,"column":2}},"1":{"start":{"line":4,"column":16},"end":{"line":9,"column":8}},"2":{"start":{"line":11,"column":2},"end":{"line":13,"column":4}},"3":{"start":{"line":12,"column":4},"end":{"line":12,"column":33}},"4":{"start":{"line":15,"column":2},"end":{"line":15,"column":17}}},"fnMap":{"0":{"name":"(anonymous_0)","decl":{"start":{"line":3,"column":17},"end":{"line":3,"column":18}},"loc":{"start":{"line":3,"column":49},"end":{"line":16,"column":1}},"line":3},"1":{"name":"(anonymous_1)","decl":{"start":{"line":11,"column":22},"end":{"line":11,"column":23}},"loc":{"start":{"line":11,"column":40},"end":{"line":13,"column":3}},"line":11}},"branchMap":{},"s":{"0":1,"1":1,"2":1,"3":1,"4":1},"f":{"0":1,"1":1},"b":{},"inputSourceMap":{"version":3,"sources":["product.js"],"names":["module","exports","sequelize","DataTypes","product","define","name","TEXT","price","DECIMAL","type","bf","BOOLEAN","associate","models","hasMany","item"],"mappings":"AAAA;;AACAA,MAAM,CAACC,OAAP,GAAiB,UAACC,SAAD,EAAYC,SAAZ,EAA0B;AACzC,MAAMC,OAAO,GAAGF,SAAS,CAACG,MAAV,CAAiB,SAAjB,EAA4B;AAC1CC,IAAAA,IAAI,EAAEH,SAAS,CAACI,IAD0B;AAE1CC,IAAAA,KAAK,EAAEL,SAAS,CAACM,OAAV,CAAkB,CAAlB,EAAoB,CAApB,CAFmC;AAG1CC,IAAAA,IAAI,EAAEP,SAAS,CAACI,IAH0B;AAI1CI,IAAAA,EAAE,EAAER,SAAS,CAACS;AAJ4B,GAA5B,EAKb,EALa,CAAhB;;AAMAR,EAAAA,OAAO,CAACS,SAAR,GAAoB,UAASC,MAAT,EAAiB;AACnCV,IAAAA,OAAO,CAACW,OAAR,CAAgBD,MAAM,CAACE,IAAvB,EADmC,CAEnC;AACD,GAHD;;AAIA,SAAOZ,OAAP;AACD,CAZD","sourceRoot":"/app/api/server/src/models","sourcesContent":["'use strict';\nmodule.exports = (sequelize, DataTypes) => {\n  const product = sequelize.define('product', {\n    name: DataTypes.TEXT,\n    price: DataTypes.DECIMAL(4,2),\n    type: DataTypes.TEXT,\n    bf: DataTypes.BOOLEAN\n  }, {});\n  product.associate = function(models) {\n    product.hasMany(models.item)\n    // associations can be defined here\n  };\n  return product;\n};"]},"_coverageSchema":"1a1c01bbd47fc00a2c39e90264f33305004495a9","hash":"8e4977d22360ff8027d1142ed322fa2cb5ecb61a","contentHash":"15553cdd293f3958e7054a3d7367ee5e3bd0a0743fadb760a38f662f8d470269"},"/app/api/server/utils/Utils.js":{"path":"/app/api/server/utils/Utils.js","statementMap":{"0":{"start":{"line":3,"column":29},"end":{"line":3,"column":84}},"1":{"start":{"line":5,"column":0},"end":{"line":7,"column":3}},"2":{"start":{"line":8,"column":0},"end":{"line":8,"column":28}},"3":{"start":{"line":10,"column":23},"end":{"line":10,"column":95}},"4":{"start":{"line":12,"column":20},"end":{"line":12,"column":89}},"5":{"start":{"line":16,"column":0},"end":{"line":60,"column":3}},"6":{"start":{"line":18,"column":4},"end":{"line":18,"column":49}},"7":{"start":{"line":19,"column":4},"end":{"line":19,"column":27}},"8":{"start":{"line":20,"column":4},"end":{"line":20,"column":21}},"9":{"start":{"line":21,"column":4},"end":{"line":21,"column":21}},"10":{"start":{"line":22,"column":4},"end":{"line":22,"column":24}},"11":{"start":{"line":25,"column":2},"end":{"line":58,"column":6}},"12":{"start":{"line":28,"column":6},"end":{"line":28,"column":35}},"13":{"start":{"line":29,"column":6},"end":{"line":29,"column":29}},"14":{"start":{"line":30,"column":6},"end":{"line":30,"column":23}},"15":{"start":{"line":31,"column":6},"end":{"line":31,"column":28}},"16":{"start":{"line":36,"column":6},"end":{"line":36,"column":35}},"17":{"start":{"line":37,"column":6},"end":{"line":37,"column":29}},"18":{"start":{"line":38,"column":6},"end":{"line":38,"column":26}},"19":{"start":{"line":43,"column":19},"end":{"line":47,"column":7}},"20":{"start":{"line":49,"column":6},"end":{"line":51,"column":7}},"21":{"start":{"line":50,"column":8},"end":{"line":50,"column":56}},"22":{"start":{"line":53,"column":6},"end":{"line":56,"column":9}},"23":{"start":{"line":59,"column":2},"end":{"line":59,"column":14}},"24":{"start":{"line":62,"column":0},"end":{"line":62,"column":26}}},"fnMap":{"0":{"name":"(anonymous_0)","decl":{"start":{"line":16,"column":0},"end":{"line":16,"column":1}},"loc":{"start":{"line":16,"column":12},"end":{"line":60,"column":1}},"line":16},"1":{"name":"Util","decl":{"start":{"line":17,"column":11},"end":{"line":17,"column":15}},"loc":{"start":{"line":17,"column":18},"end":{"line":23,"column":3}},"line":17},"2":{"name":"setSuccess","decl":{"start":{"line":27,"column":20},"end":{"line":27,"column":30}},"loc":{"start":{"line":27,"column":58},"end":{"line":32,"column":5}},"line":27},"3":{"name":"setError","decl":{"start":{"line":35,"column":20},"end":{"line":35,"column":28}},"loc":{"start":{"line":35,"column":50},"end":{"line":39,"column":5}},"line":35},"4":{"name":"send","decl":{"start":{"line":42,"column":20},"end":{"line":42,"column":24}},"loc":{"start":{"line":42,"column":30},"end":{"line":57,"column":5}},"line":42}},"branchMap":{"0":{"loc":{"start":{"line":49,"column":6},"end":{"line":51,"column":7}},"type":"if","locations":[{"start":{"line":49,"column":6},"end":{"line":51,"column":7}},{"start":{"line":49,"column":6},"end":{"line":51,"column":7}}],"line":49}},"s":{"0":1,"1":1,"2":1,"3":1,"4":1,"5":1,"6":3,"7":3,"8":3,"9":3,"10":3,"11":1,"12":3,"13":3,"14":3,"15":3,"16":2,"17":2,"18":2,"19":5,"20":5,"21":3,"22":2,"23":1,"24":1},"f":{"0":1,"1":3,"2":3,"3":2,"4":5},"b":{"0":[3,2]},"inputSourceMap":{"version":3,"sources":["Utils.js"],"names":["Util","statusCode","type","data","message","res","result","status","json"],"mappings":";;;;;;;;;;;;;IAAqBA,I;;;AACnB,kBAAc;AAAA;AACZ,SAAKC,UAAL,GAAkB,IAAlB;AACA,SAAKC,IAAL,GAAY,IAAZ;AACA,SAAKC,IAAL,GAAY,IAAZ;AACA,SAAKC,OAAL,GAAe,IAAf;AACD;;;;+BAEUH,U,EAAYG,O,EAASD,I,EAAM;AACpC,WAAKF,UAAL,GAAkBA,UAAlB;AACA,WAAKG,OAAL,GAAeA,OAAf;AACA,WAAKD,IAAL,GAAYA,IAAZ;AACA,WAAKD,IAAL,GAAY,SAAZ;AACD;;;6BAEQD,U,EAAYG,O,EAAS;AAC5B,WAAKH,UAAL,GAAkBA,UAAlB;AACA,WAAKG,OAAL,GAAeA,OAAf;AACA,WAAKF,IAAL,GAAY,OAAZ;AACD;;;yBAEIG,G,EAAK;AACR,UAAMC,MAAM,GAAG;AACbC,QAAAA,MAAM,EAAE,KAAKL,IADA;AAEbE,QAAAA,OAAO,EAAE,KAAKA,OAFD;AAGbD,QAAAA,IAAI,EAAE,KAAKA;AAHE,OAAf;;AAMA,UAAI,KAAKD,IAAL,KAAc,SAAlB,EAA6B;AAC3B,eAAOG,GAAG,CAACE,MAAJ,CAAW,KAAKN,UAAhB,EAA4BO,IAA5B,CAAiCF,MAAjC,CAAP;AACD;;AACD,aAAOD,GAAG,CAACE,MAAJ,CAAW,KAAKN,UAAhB,EAA4BO,IAA5B,CAAiC;AACtCD,QAAAA,MAAM,EAAE,KAAKL,IADyB;AAEtCE,QAAAA,OAAO,EAAE,KAAKA;AAFwB,OAAjC,CAAP;AAID","sourceRoot":"/app/api/server/utils","sourcesContent":["export default class Util {\n  constructor() {\n    this.statusCode = null\n    this.type = null\n    this.data = null\n    this.message = null\n  }\n\n  setSuccess(statusCode, message, data) {\n    this.statusCode = statusCode\n    this.message = message\n    this.data = data\n    this.type = 'success'\n  }\n\n  setError(statusCode, message) {\n    this.statusCode = statusCode\n    this.message = message\n    this.type = 'error'\n  }\n\n  send(res) {\n    const result = {\n      status: this.type,\n      message: this.message,\n      data: this.data,\n    }\n\n    if (this.type === 'success') {\n      return res.status(this.statusCode).json(result)\n    }\n    return res.status(this.statusCode).json({\n      status: this.type,\n      message: this.message,\n    })\n  }\n}"]},"_coverageSchema":"1a1c01bbd47fc00a2c39e90264f33305004495a9","hash":"064f4f29d429849426dbad1ac7fdc28e7acf57f9","contentHash":"1d9569900beb757bb402166d72ebb0acd03c803d3d47dc629a8b6d00a2be01df"},"/app/api/server/routes/OrderRoutes.js":{"path":"/app/api/server/routes/OrderRoutes.js","statementMap":{"0":{"start":{"line":3,"column":29},"end":{"line":3,"column":84}},"1":{"start":{"line":5,"column":0},"end":{"line":7,"column":3}},"2":{"start":{"line":8,"column":0},"end":{"line":8,"column":28}},"3":{"start":{"line":10,"column":15},"end":{"line":10,"column":33}},"4":{"start":{"line":12,"column":23},"end":{"line":12,"column":91}},"5":{"start":{"line":14,"column":13},"end":{"line":14,"column":35}},"6":{"start":{"line":15,"column":0},"end":{"line":15,"column":58}},"7":{"start":{"line":16,"column":0},"end":{"line":16,"column":55}},"8":{"start":{"line":17,"column":0},"end":{"line":17,"column":57}},"9":{"start":{"line":18,"column":0},"end":{"line":18,"column":61}},"10":{"start":{"line":19,"column":0},"end":{"line":19,"column":66}},"11":{"start":{"line":20,"column":15},"end":{"line":20,"column":21}},"12":{"start":{"line":21,"column":0},"end":{"line":21,"column":30}}},"fnMap":{},"branchMap":{},"s":{"0":1,"1":1,"2":1,"3":1,"4":1,"5":1,"6":1,"7":1,"8":1,"9":1,"10":1,"11":1,"12":1},"f":{},"b":{},"inputSourceMap":{"version":3,"sources":["OrderRoutes.js"],"names":["router","get","OrderController","getAllOrders","post","addOrder","getOrder","put","updatedOrder","deleteOrder"],"mappings":";;;;;;;;;AAAA;;AACA;;AAEA,IAAMA,MAAM,GAAG,sBAAf;AACAA,MAAM,CAACC,GAAP,CAAW,GAAX,EAAgBC,4BAAgBC,YAAhC;AACAH,MAAM,CAACI,IAAP,CAAY,GAAZ,EAAiBF,4BAAgBG,QAAjC;AACAL,MAAM,CAACC,GAAP,CAAW,MAAX,EAAmBC,4BAAgBI,QAAnC;AACAN,MAAM,CAACO,GAAP,CAAW,MAAX,EAAmBL,4BAAgBM,YAAnC;AACAR,MAAM,UAAN,CAAc,MAAd,EAAsBE,4BAAgBO,WAAtC;eACeT,M","sourceRoot":"/app/api/server/routes","sourcesContent":["import { Router } from 'express'\nimport OrderController from '../controllers/OrderController.js'\n\nconst router = Router()\nrouter.get('/', OrderController.getAllOrders)\nrouter.post('/', OrderController.addOrder)\nrouter.get('/:id', OrderController.getOrder)\nrouter.put('/:id', OrderController.updatedOrder)\nrouter.delete('/:id', OrderController.deleteOrder)\nexport default router\n"]},"_coverageSchema":"1a1c01bbd47fc00a2c39e90264f33305004495a9","hash":"46037e67d80e6fbbc7a41043d06927fd7861241e","contentHash":"5314f6fc8230f29c6201a0c8ab3d5ceb9fb8e2ef3c15609a4aac85b3b7543e93"},"/app/api/server/controllers/OrderController.js":{"path":"/app/api/server/controllers/OrderController.js","statementMap":{"0":{"start":{"line":3,"column":29},"end":{"line":3,"column":84}},"1":{"start":{"line":5,"column":0},"end":{"line":7,"column":3}},"2":{"start":{"line":8,"column":0},"end":{"line":8,"column":28}},"3":{"start":{"line":10,"column":19},"end":{"line":10,"column":80}},"4":{"start":{"line":12,"column":25},"end":{"line":12,"column":99}},"5":{"start":{"line":14,"column":20},"end":{"line":14,"column":79}},"6":{"start":{"line":16,"column":13},"end":{"line":16,"column":62}},"7":{"start":{"line":18,"column":11},"end":{"line":18,"column":34}},"8":{"start":{"line":22,"column":0},"end":{"line":63,"column":3}},"9":{"start":{"line":23,"column":13},"end":{"line":58,"column":5}},"10":{"start":{"line":27,"column":4},"end":{"line":57,"column":32}},"11":{"start":{"line":28,"column":6},"end":{"line":56,"column":7}},"12":{"start":{"line":29,"column":8},"end":{"line":55,"column":9}},"13":{"start":{"line":31,"column":12},"end":{"line":31,"column":30}},"14":{"start":{"line":32,"column":12},"end":{"line":32,"column":30}},"15":{"start":{"line":33,"column":12},"end":{"line":33,"column":59}},"16":{"start":{"line":36,"column":12},"end":{"line":36,"column":38}},"17":{"start":{"line":38,"column":12},"end":{"line":42,"column":13}},"18":{"start":{"line":39,"column":14},"end":{"line":39,"column":66}},"19":{"start":{"line":41,"column":14},"end":{"line":41,"column":53}},"20":{"start":{"line":44,"column":12},"end":{"line":44,"column":61}},"21":{"start":{"line":47,"column":12},"end":{"line":47,"column":30}},"22":{"start":{"line":48,"column":12},"end":{"line":48,"column":47}},"23":{"start":{"line":49,"column":12},"end":{"line":49,"column":44}},"24":{"start":{"line":50,"column":12},"end":{"line":50,"column":61}},"25":{"start":{"line":54,"column":12},"end":{"line":54,"column":35}},"26":{"start":{"line":60,"column":2},"end":{"line":62,"column":4}},"27":{"start":{"line":61,"column":4},"end":{"line":61,"column":39}},"28":{"start":{"line":67,"column":0},"end":{"line":112,"column":3}},"29":{"start":{"line":68,"column":14},"end":{"line":107,"column":5}},"30":{"start":{"line":72,"column":4},"end":{"line":106,"column":34}},"31":{"start":{"line":73,"column":6},"end":{"line":105,"column":7}},"32":{"start":{"line":74,"column":8},"end":{"line":104,"column":9}},"33":{"start":{"line":76,"column":12},"end":{"line":79,"column":13}},"34":{"start":{"line":77,"column":14},"end":{"line":77,"column":33}},"35":{"start":{"line":78,"column":14},"end":{"line":78,"column":20}},"36":{"start":{"line":81,"column":12},"end":{"line":81,"column":66}},"37":{"start":{"line":82,"column":12},"end":{"line":82,"column":62}},"38":{"start":{"line":85,"column":12},"end":{"line":85,"column":32}},"39":{"start":{"line":86,"column":12},"end":{"line":86,"column":31}},"40":{"start":{"line":87,"column":12},"end":{"line":87,"column":31}},"41":{"start":{"line":88,"column":12},"end":{"line":88,"column":63}},"42":{"start":{"line":91,"column":12},"end":{"line":91,"column":42}},"43":{"start":{"line":92,"column":12},"end":{"line":92,"column":63}},"44":{"start":{"line":93,"column":12},"end":{"line":93,"column":62}},"45":{"start":{"line":96,"column":12},"end":{"line":96,"column":32}},"46":{"start":{"line":97,"column":12},"end":{"line":97,"column":49}},"47":{"start":{"line":98,"column":12},"end":{"line":98,"column":53}},"48":{"start":{"line":99,"column":12},"end":{"line":99,"column":62}},"49":{"start":{"line":103,"column":12},"end":{"line":103,"column":36}},"50":{"start":{"line":109,"column":2},"end":{"line":111,"column":4}},"51":{"start":{"line":110,"column":4},"end":{"line":110,"column":40}},"52":{"start":{"line":116,"column":0},"end":{"line":169,"column":3}},"53":{"start":{"line":117,"column":14},"end":{"line":164,"column":5}},"54":{"start":{"line":121,"column":4},"end":{"line":163,"column":34}},"55":{"start":{"line":122,"column":6},"end":{"line":162,"column":7}},"56":{"start":{"line":123,"column":8},"end":{"line":161,"column":9}},"57":{"start":{"line":125,"column":12},"end":{"line":125,"column":36}},"58":{"start":{"line":126,"column":12},"end":{"line":126,"column":31}},"59":{"start":{"line":128,"column":12},"end":{"line":131,"column":13}},"60":{"start":{"line":129,"column":14},"end":{"line":129,"column":33}},"61":{"start":{"line":130,"column":14},"end":{"line":130,"column":20}},"62":{"start":{"line":133,"column":12},"end":{"line":133,"column":69}},"63":{"start":{"line":134,"column":12},"end":{"line":134,"column":62}},"64":{"start":{"line":137,"column":12},"end":{"line":137,"column":31}},"65":{"start":{"line":138,"column":12},"end":{"line":138,"column":31}},"66":{"start":{"line":139,"column":12},"end":{"line":139,"column":74}},"67":{"start":{"line":142,"column":12},"end":{"line":142,"column":41}},"68":{"start":{"line":144,"column":12},"end":{"line":148,"column":13}},"69":{"start":{"line":145,"column":14},"end":{"line":145,"column":81}},"70":{"start":{"line":147,"column":14},"end":{"line":147,"column":65}},"71":{"start":{"line":150,"column":12},"end":{"line":150,"column":62}},"72":{"start":{"line":153,"column":12},"end":{"line":153,"column":32}},"73":{"start":{"line":154,"column":12},"end":{"line":154,"column":49}},"74":{"start":{"line":155,"column":12},"end":{"line":155,"column":45}},"75":{"start":{"line":156,"column":12},"end":{"line":156,"column":62}},"76":{"start":{"line":160,"column":12},"end":{"line":160,"column":36}},"77":{"start":{"line":166,"column":2},"end":{"line":168,"column":4}},"78":{"start":{"line":167,"column":4},"end":{"line":167,"column":40}},"79":{"start":{"line":173,"column":0},"end":{"line":225,"column":3}},"80":{"st
[...]
atch (error) {\n    util.setError(400, error.message)\n    return util.send(res)\n  }\n}\n\nconst updatedItem = async (req, res) => {\n  const alteredItem = req.body\n  const { id } = req.params\n  if (!Number(id)) {\n    util.setError(400, 'Please input a valid numeric value')\n    return util.send(res)\n  }\n  try {\n    const updateItem = await ItemService.updateItem(id, alteredItem)\n    if (!updateItem) {\n      util.setError(404, `Cannot find product with the id: ${id}`)\n    } else {\n      util.setSuccess(200, 'Item updated', updateItem)\n    }\n    return util.send(res)\n  } catch (error) {\n    util.setError(404, error)\n    return util.send(res)\n  }\n}\n\nconst getItem = async (req, res) => {\n  const { id } = req.params\n\n  if (!Number(id)) {\n    util.setError(400, 'Please input a valid numeric value')\n    return util.send(res)\n  }\n\n  try {\n    const theItem = await ItemService.getItem(id)\n\n    if (!theItem) {\n      util.setError(404, `Cannot find Item with the id ${id}`)\n    } else {\n      util.setSuccess(200, 'Found Item', theItem)\n    }\n    return util.send(res)\n  } catch (error) {\n    util.setError(404, error)\n    return util.send(res)\n  }\n}\n\nconst deleteItem = async(req, res) => {  \n  const { id } = req.params\n\n  if (!Number(id)) {\n    util.setError(400, 'Please provide a numeric value')\n    return util.send(res)\n  }\n\n  try {\n    const itemToDelete = await ItemService.deleteItem(id)\n\n    if (itemToDelete) {\n      util.setSuccess(200, 'Item deleted')\n    } else {\n      util.setError(404, `Item with the id ${id} cannot be found`)\n    }\n    return util.send(res)\n  } catch (error) {\n    util.setError(400, error)\n    return util.send(res)\n  }\n}\n\n\nexport default {\n  getAllItems,\n  addItem,\n  updatedItem,\n  getItem,\n  deleteItem\n}"]},"_coverageSchema":"1a1c01bbd47fc00a2c39e90264f33305004495a9","hash":"0aebd29b5e5ca5467de8d0cf70b8f234c5d7ba5b","contentHash":"b85c5fce50a8629c8df004b7396decf4035a1f02ead5ec654fccfec827c3da4e"},"/app/api/server/services/ItemService.js":{"path":"/app/api/server/services/ItemService.js","statementMap":{"0":{"start":{"line":3,"column":29},"end":{"line":3,"column":84}},"1":{"start":{"line":5,"column":0},"end":{"line":7,"column":3}},"2":{"start":{"line":8,"column":0},"end":{"line":8,"column":28}},"3":{"start":{"line":10,"column":19},"end":{"line":10,"column":80}},"4":{"start":{"line":12,"column":25},"end":{"line":12,"column":99}},"5":{"start":{"line":14,"column":23},"end":{"line":14,"column":95}},"6":{"start":{"line":16,"column":20},"end":{"line":16,"column":89}},"7":{"start":{"line":18,"column":14},"end":{"line":18,"column":62}},"8":{"start":{"line":22,"column":0},"end":{"line":262,"column":3}},"9":{"start":{"line":24,"column":4},"end":{"line":24,"column":56}},"10":{"start":{"line":27,"column":2},"end":{"line":260,"column":6}},"11":{"start":{"line":30,"column":25},"end":{"line":55,"column":9}},"12":{"start":{"line":33,"column":8},"end":{"line":54,"column":36}},"13":{"start":{"line":34,"column":10},"end":{"line":53,"column":11}},"14":{"start":{"line":35,"column":12},"end":{"line":52,"column":13}},"15":{"start":{"line":37,"column":16},"end":{"line":37,"column":34}},"16":{"start":{"line":38,"column":16},"end":{"line":38,"column":34}},"17":{"start":{"line":39,"column":16},"end":{"line":39,"column":57}},"18":{"start":{"line":42,"column":16},"end":{"line":42,"column":64}},"19":{"start":{"line":45,"column":16},"end":{"line":45,"column":34}},"20":{"start":{"line":46,"column":16},"end":{"line":46,"column":51}},"21":{"start":{"line":47,"column":16},"end":{"line":47,"column":34}},"22":{"start":{"line":51,"column":16},"end":{"line":51,"column":39}},"23":{"start":{"line":58,"column":8},"end":{"line":58,"column":51}},"24":{"start":{"line":61,"column":6},"end":{"line":61,"column":25}},"25":{"start":{"line":66,"column":21},"end":{"line":91,"column":9}},"26":{"start":{"line":69,"column":8},"end":{"line":90,"column":37}},"27":{"start":{"line":70,"column":10},"end":{"line":89,"column":11}},"28":{"start":{"line":71,"column":12},"end":{"line":88,"column":13}},"29":{"start":{"line":73,"column":16},"end":{"line":73,"column":35}},"30":{"start":{"line":74,"column":16},"end":{"line":74,"column":35}},"31":{"start":{"line":75,"column":16},"end":{"line":75,"column":63}},"32":{"start":{"line":78,"column":16},"end":{"line":78,"column":66}},"33":{"start":{"line":81,"column":16},"end":{"line":81,"column":35}},"34":{"start":{"line":82,"column":16},"end":{"line":82,"column":53}},"35":{"start":{"line":83,"column":16},"end":{"line":83,"column":35}},"36":{"start":{"line":87,"column":16},"end":{"line":87,"column":40}},"37":{"start":{"line":94,"column":8},"end":{"line":94,"column":47}},"38":{"start":{"line":97,"column":6},"end":{"line":97,"column":21}},"39":{"start":{"line":102,"column":25},"end":{"line":150,"column":9}},"40":{"start":{"line":106,"column":8},"end":{"line":149,"column":38}},"41":{"start":{"line":107,"column":10},"end":{"line":148,"column":11}},"42":{"start":{"line":108,"column":12},"end":{"line":147,"column":13}},"43":{"start":{"line":110,"column":16},"end":{"line":110,"column":35}},"44":{"start":{"line":111,"column":16},"end":{"line":111,"column":35}},"45":{"start":{"line":112,"column":16},"end":{"line":116,"column":19}},"46":{"start":{"line":119,"column":16},"end":{"line":119,"column":46}},"47":{"start":{"line":121,"column":16},"end":{"line":124,"column":17}},"48":{"start":{"line":122,"column":18},"end":{"line":122,"column":37}},"49":{"start":{"line":123,"column":18},"end":{"line":123,"column":24}},"50":{"start":{"line":126,"column":16},"end":{"line":126,"column":35}},"51":{"start":{"line":127,"column":16},"end":{"line":131,"column":19}},"52":{"start":{"line":134,"column":16},"end":{"line":134,"column":63}},"53":{"start":{"line":137,"column":16},"end":{"line":137,"column":56}},"54":{"start":{"line":140,"column":16},"end":{"line":140,"column":36}},"55":{"start":{"line":141,"column":16},"end":{"line":141,"column":53}},"56":{"start":{"line":142,"column":16},"end":{"line":142,"column":35}},"57":{"start":{"line":146,"column":16},"end":{"line":146,"column":40}},"58":{"start":{"line":153,"column":8},"end":{"line":153,"column":51}},"59":{"start":{"line":156,"column":6},"end":{"line":156,"column":24}},"60":{"start":{"line":161,"column":21},"end":{"line":192,"column":9}},"61":{"start":{"line":165,"column":8},"end":{"line":191,"column":37}},"62":{"start":{"line":166,"column":10},"end":{"line":190,"column":11}},"63":{"start":{"line":167,"column":12},"end":{"line":189,"column":13}},"64":{"start":{"line":169,"column":16},"end":{"line":169,"column":35}},"65":{"start":{"line":170,"column":16},"end":{"line":170,"column":35}},"66":{"start":{"line":171,"column":16},"end":{"line":175,"column":19}},"67":{"start":{"line":178,"column":16},"end":{"line":178,"column":41}},"68":{"start":{"line":179,"column":16},"end":{"line":179,"column":59}},"69":{"start":{"line":182,"column":16},"end":{"line":182,"column":35}},"70":{"start":{"line":183,"column":16},"end":{"line":183,"column":53}},"71":{"start":{"line":184,"column":16},"end":{"line":184,"column":35}},"72":{"start":{"line":188,"column":16},"end":{"line":188,"column":40}},"73":{"start":{"line":195,"column":8},"end":{"line":195,"column":47}},"74":{"start":{"line":198,"column":6},"end":{"line":198,"column":21}},"75":{"start":{"line":203,"column":24},"end":{"line":252,"column":9}},"76":{"start":{"line":207,"column":8},"end":{"line":251,"column":38}},"77":{"start":{"line":208,"column":10},"end":{"line":250,"column":11}},"78":{"start":{"line":209,"column":12},"end":{"line":249,"column":13}},"79":{"start":{"line":211,"column":16},"end":{"line":211,"column":35}},"80":{"start":{"line":212,"column":16},"end":{"line":212,"column":35}},"81":{"start":{"line":213,"column":16},"end":{"line":217,"column":19}},"82":{"start":{"line":220,"column":16},"end":{"line":220,"column":46}},"83":{"start":{"line":222,"column":16},"end":{"line":225,"column":17}},"84":{"start":{"line":223,"column":18},"end":{"line":223,"column":37}},"85":{"start":{"line":224,"column":18},"end":{"line":224,"column":24}},"86":{"start":{"line":227,"column":16},"end":{"line":227,"column":35}},"87":{"start":{"line":228,"column":16},"end":{"line":232,"column":19}},"88":{"start":{"line":235,"column":16},"end":{"line":235,"column":45}},"89":{"start":{"line":236,"column":16},"end":{"line":236,"column":63}},"90":{"start":{"line":239,"column":16},"end":{"line":239,"column":56}},"91":{"start":{"line":242,"column":16},"end":{"line":242,"column":36}},"92":{"start":{"line":243,"column":16},"end":{"line":243,"column":53}},"93":{"start":{"line":244,"column":16},"end":{"line":244,"column":35}},"94":{"start":{"line":248,"column":16},"end":{"line":248,"column":40}},"95":{"start":{"line":255,"column":8},"end":{"line":255,"column":50}},"96":{"start":{"line":258,"column":6},"end":{"line":258,"column":24}},"97":{"start":{"line":261,"column":2},"end":{"line":261,"column":21}},"98":{"start":{"line":264,"column":15},"end":{"line":264,"column":26}},"99":{"start":{"line":265,"column":0},"end":{"line":265,"column":30}}},"fnMap":{"0":{"name":"(anonymous_0)","decl":{"start":{"line":22,"column":0},"end":{"line":22,"column":1}},"loc":{"start":{"line":22,"column":12},"end":{"line":262,"column":1}},"line":22},"1":{"name":"ItemService","decl":{"start":{"line":23,"column":11},"end":{"line":23,"column":22}},"loc":{"start":{"line":23,"column":25},"end":{"line":25,"column":3}},"line":23},"2":{"name":"(anonymous_2)","decl":{"start":{"line":29,"column":11},"end":{"line":29,"column":12}},"loc":{"start":{"line":29,"column":23},"end":{"line":62,"column":5}},"line":29},"3":{"name":"_callee","decl":{"start":{"line":32,"column":44},"end":{"line":32,"column":51}},"loc":{"start":{"line":32,"column":54},"end":{"line":55,"column":7}},"line":32},"4":{"name":"_callee$","decl":{"start":{"line":33,"column":53},"end":{"line":33,"column":61}},"loc":{"start":{"line":33,"column":72},"end":{"line":54,"column":9}},"line":33},"5":{"name":"getAllItems","decl":{"start":{"line":57,"column":15},"end":{"line":57,"column":26}},"loc":{"start":{"line":57,"column":29},"end":{"line":59,"column":7}},"line":57},"6":{"name":"(anonymous_6)","decl":{"start":{"line":65,"column":11},"end":{"line":65,"column":12}},"loc":{"start":{"line":65,"column":23},"end":{"line":98,"column":5}},"line":65},"7":{"name":"_callee2","decl":{"start":{"line":68,"column":44},"end":{"line":68,"column":52}},"loc":{"start":{"line":68,"column":62},"end":{"line":91,"column":7}},"line":68},"8":{"name":"_callee2$","decl":{"start":{"line":69,"column":53},"end":{"line":69,"column":62}},"loc":{"start":{"line":69,"column":74},"end":{"line":90,"column":9}},"line":69},"9":{"name":"addItem","decl":{"start":{"line":93,"column":15},"end":{"line":93,"column":22}},"loc":{"start":{"line":93,"column":27},"end":{"line":95,"column":7}},"line":93},"10":{"name":"(anonymous_10)","decl":{"start":{"line":101,"column":11},"end":{"line":101,"column":12}},"loc":{"start":{"line":101,"column":23},"end":{"line":157,"column":5}},"line":101},"11":{"name":"_callee3","decl":{"start":{"line":104,"column":44},"end":{"line":104,"column":52}},"loc":{"start":{"line":104,"column":70},"end":{"line":150,"column":7}},"line":104},"12":{"name":"_callee3$","decl":{"start":{"line":106,"column":53},"end":{"line":106,"column":62}},"loc":{"start":{"line":106,"column":74},"end":{"line":149,"column":9}},"line":106},"13":{"name":"updateItem","decl":{"start":{"line":152,"column":15},"end":{"line":152,"column":25}},"loc":{"start":{"line":152,"column":36},"end":{"line":154,"column":7}},"line":152},"14":{"name":"(anonymous_14)","decl":{"start":{"line":160,"column":11},"end":{"line":160,"column":12}},"loc":{"start":{"line":160,"column":23},"end":{"line":199,"column":5}},"line":160},"15":{"name":"_callee4","decl":{"start":{"line":163,"column":44},"end":{"line":163,"column":52}},"loc":{"start":{"line":163,"column":57},"end":{"line":192,"column":7}},"line":163},"16":{"name":"_callee4$","decl":{"start":{"line":165,"column":53},"end":{"line":165,"column":62}},"loc":{"start":{"line":165,"column":74},"end":{"line":191,"column":9}},"line":165},"17":{"name":"getItem","decl":{"start":{"line":194,"column":15},"end":{"line":194,"column":22}},"loc":{"start":{"line":194,"column":28},"end":{"line":196,"column":7}},"line":194},"18":{"name":"(anonymous_18)","decl":{"start":{"line":202,"column":11},"end":{"line":202,"column":12}},"loc":{"start":{"line":202,"column":23},"end":{"line":259,"column":5}},"line":202},"19":{"name":"_callee5","decl":{"start":{"line":205,"column":44},"end":{"line":205,"column":52}},"loc":{"start":{"line":205,"column":57},"end":{"line":252,"column":7}},"line":205},"20":{"name":"_callee5$","decl":{"start":{"line":207,"column":53},"end":{"line":207,"column":62}},"loc":{"start":{"line":207,"column":74},"end":{"line":251,"column":9}},"line":207},"21":{"name":"deleteItem","decl":{"start":{"line":254,"column":15},"end":{"line":254,"column":25}},"loc":{"start":{"line":254,"column":31},"end":{"line":256,"column":7}},"line":254}},"branchMap":{"0":{"loc":{"start":{"line":35,"column":12},"end":{"line":52,"column":13}},"type":"switch","locations":[{"start":{"line":36,"column":14},"end":{"line":39,"column":57}},{"start":{"line":41,"column":14},"end":{"line":42,"column":64}},{"start":{"line":44,"column":14},"end":{"line":47,"column":34}},{"start":{"line":49,"column":14},"end":{"line":49,"column":21}},{"start":{"line":50,"column":14},"end":{"line":51,"column":39}}],"line":35},"1":{"loc":{"start":{"line":71,"column":12},"end":{"line":88,"column":13}},"type":"switch","locations":[{"start":{"line":72,"column":14},"end":{"line":75,"column":63}},{"start":{"line":77,"column":14},"end":{"line":78,"column":66}},{"start":{"line":80,"column":14},"end":{"line":83,"column":35}},{"start":{"line":85,"column":14},"end":{"line":85,"column":21}},{"start":{"line":86,"column":14},"end":{"line":87,"column":40}}],"line":71},"2":{"loc":{"start":{"line":108,"column":12},"end":{"line":147,"column":13}},"type":"switch","locations":[{"start":{"line":109,"column":14},"end":{"line":116,"column":19}},{"start":{"line":118,"column":14},"end":{"line":131,"column":19}},{"start":{"line":133,"column":14},"end":{"line":134,"column":63}},{"start":{"line":136,"column":14},"end":{"line":137,"column":56}},{"start":{"line":139,"column":14},"end":{"line":142,"column":35}},{"start":{"line":144,"column":14},"end":{"line":144,"column":22}},{"start":{"line":145,"column":14},"end":{"line":146,"column":40}}],"line":108},"3":{"loc":{"start":{"line":121,"column":16},"end":{"line":124,"column":17}},"type":"if","locations":[{"start":{"line":121,"column":16},"end":{"line":124,"column":17}},{"start":{"line":121,"column":16},"end":{"line":124,"column":17}}],"line":121},"4":{"loc":{"start":{"line":167,"column":12},"end":{"line":189,"column":13}},"type":"switch","locations":[{"start":{"line":168,"column":14},"end":{"line":175,"column":19}},{"start":{"line":177,"column":14},"end":{"line":179,"column":59}},{"start":{"line":181,"column":14},"end":{"line":184,"column":35}},{"start":{"line":186,"column":14},"end":{"line":186,"column":22}},{"start":{"line":187,"column":14},"end":{"line":188,"column":40}}],"line":167},"5":{"loc":{"start":{"line":209,"column":12},"end":{"line":249,"column":13}},"type":"switch","locations":[{"start":{"line":210,"column":14},"end":{"line":217,"column":19}},{"start":{"line":219,"column":14},"end":{"line":232,"column":19}},{"start":{"line":234,"column":14},"end":{"line":236,"column":63}},{"start":{"line":238,"column":14},"end":{"line":239,"column":56}},{"start":{"line":241,"column":14},"end":{"line":244,"column":35}},{"start":{"line":246,"column":14},"end":{"line":246,"column":22}},{"start":{"line":247,"column":14},"end":{"line":248,"column":40}}],"line":209},"6":{"loc":{"start":{"line":222,"column":16},"end":{"line":225,"column":17}},"type":"if","locations":[{"start":{"line":222,"column":16},"end":{"line":225,"column":17}},{"start":{"line":222,"column":16},"end":{"line":225,"column":17}}],"line":222}},"s":{"0":1,"1":1,"2":1,"3":1,"4":1,"5":1,"6":1,"7":1,"8":1,"9":0,"10":1,"11":1,"12":0,"13":0,"14":0,"15":0,"16":0,"17":0,"18":0,"19":0,"20":0,"21":0,"22":0,"23":0,"24":1,"25":1,"26":0,"27":0,"28":0,"29":0,"30":0,"31":0,"32":0,"33":0,"34":0,"35":0,"36":0,"37":0,"38":1,"39":1,"40":0,"41":0,"42":0,"43":0,"44":0,"45":0,"46":0,"47":0,"48":0,"49":0,"50":0,"51":0,"52":0,"53":0,"54":0,"55":0,"56":0,"57":0,"58":0,"59":1,"60":1,"61":0,"62":0,"63":0,"64":0,"65":0,"66":0,"67":0,"68":0,"69":0,"70":0,"71":0,"72":0,"73":0,"74":1,"75":1,"76":0,"77":0,"78":0,"79":0,"80":0,"81":0,"82":0,"83":0,"84":0,"85":0,"86":0,"87":0,"88":0,"89":0,"90":0,"91":0,"92":0,"93":0,"94":0,"95":0,"96":1,"97":1,"98":1,"99":1},"f":{"0":1,"1":0,"2":1,"3":0,"4":0,"5":0,"6":1,"7":0,"8":0,"9":0,"10":1,"11":0,"12":0,"13":0,"14":1,"15":0,"16":0,"17":0,"18":1,"19":0,"20":0,"21":0},"b":{"0":[0,0,0,0,0],"1":[0,0,0,0,0],"2":[0,0,0,0,0,0,0],"3":[0,0],"4":[0,0,0,0,0],"5":[0,0,0,0,0,0,0],"6":[0,0]},"inputSourceMap":{"version":3,"sources":["ItemService.js"],"names":["ItemService","database","item","findAll","newItem","create","id","updateItem","findOne","where","Number","itemToUpdate","update","theItem","itemToDelete","destroy","deletedItem"],"mappings":";;;;;;;;;;;;;;;;;AAAA;;IAEMA,W;;;;;;;;;;;;;;;;;;;uBAGaC,mBAASC,IAAT,CAAcC,OAAd,E;;;;;;;;;;;;;;;;;;;;;;;;;;;;;qDAMIC,O;;;;;;;uBAEJH,mBAASC,IAAT,CAAcG,MAAd,CAAqBD,OAArB,C;;;;;;;;;;;;;;;;;;;;;;;;;;;;;qDAMOE,E,EAAIC,W;;;;;;;;uBAEGN,mBAASC,IAAT,CAAcM,OAAd,CAAsB;AAC/CC,kBAAAA,KAAK,EAAE;AAAEH,oBAAAA,EAAE,EAAEI,MAAM,CAACJ,EAAD;AAAZ;AADwC,iBAAtB,C;;;AAArBK,gBAAAA,Y;;qBAIFA,Y;;;;;;uBACIV,mBAASC,IAAT,CAAcU,MAAd,CAAqBL,WAArB,EAAiC;AAAEE,kBAAAA,KAAK,EAAE;AAAEH,oBAAAA,EAAE,EAAEI,MAAM,CAACJ,EAAD;AAAZ;AAAT,iBAAjC,C;;;kDAECC,W;;;kDAEF,I;;;;;;;;;;;;;;;;;;;;;;;;;;qDAMUD,E;;;;;;;;uBAEKL,mBAASC,IAAT,CAAcM,OAAd,CAAsB;AAC1CC,kBAAAA,KAAK,EAAE;AAAEH,oBAAAA,EAAE,EAAEI,MAAM,CAACJ,EAAD;AAAZ;AADmC,iBAAtB,C;;;AAAhBO,gBAAAA,O;kDAICA,O;;;;;;;;;;;;;;;;;;;;;;;;;;qDAMaP,E;;;;;;;;uBAEOL,mBAASC,IAAT,CAAcM,OAAd,CAAsB;AAAEC,kBAAAA,KAAK,EAAE;AAAEH,oBAAAA,EAAE,EAAEI,MAAM,CAACJ,EAAD;AAAZ;AAAT,iBAAtB,C;;;AAArBQ,gBAAAA,Y;;qBAEFA,Y;;;;;;uBACwBb,mBAASC,IAAT,CAAca,OAAd,CAAsB;AAC9CN,kBAAAA,KAAK,EAAE;AAAEH,oBAAAA,EAAE,EAAEI,MAAM,CAACJ,EAAD;AAAZ;AADuC,iBAAtB,C;;;AAApBU,gBAAAA,W;kDAGCA,W;;;kDAEF,I;;;;;;;;;;;;;;;;;;;;;;;;;eAOEhB,W","sourceRoot":"/app/api/server/services","sourcesContent":["import database from '../src/models'\n\nclass ItemService {\n  static async getAllItems() {\n    try {\n      return await database.item.findAll()\n    } catch (error) {\n      throw error\n    }\n  }\n\n  static async addItem(newItem) {\n    try {      \n      return await database.item.create(newItem)\n    } catch (error) {\n      throw error\n    }\n  }\n\n  static async updateItem(id, updateItem) {\n    try {\n      const itemToUpdate = await database.item.findOne({\n        where: { id: Number(id) }\n      })\n\n      if (itemToUpdate) {\n        await database.item.update(updateItem, { where: { id: Number(id) } })\n\n        return updateItem\n      }\n      return null\n    } catch (error) {\n      throw error\n    }\n  }\n\n  static async getItem(id) {\n    try {\n      const theItem = await database.item.findOne({\n        where: { id: Number(id) }\n      })\n\n      return theItem\n    } catch (error) {\n      throw error\n    }\n  }\n\n  static async deleteItem(id) {\n    try {      \n      const itemToDelete = await database.item.findOne({ where: { id: Number(id) } })\n\n      if (itemToDelete) {\n        const deletedItem = await database.item.destroy({\n          where: { id: Number(id) }\n        })\n        return deletedItem\n      }\n      return null\n    } catch (error) {\n      throw error\n    }\n  }\n}\n\nexport default ItemService"]},"_coverageSchema":"1a1c01bbd47fc00a2c39e90264f33305004495a9","hash":"2b7529214f0274bcf2e8084b4d6ae2c91e2d4497","contentHash":"9b6316058cb0cf3c9b8f92d30b9740ce202d1d6f61ba83c405e7bcb6e3034096"}}